TN:
SF:/usr/include/c++/9/bits/atomic_base.h
DA:541,0
DA:551,0
end_of_record
SF:/usr/include/c++/9/typeinfo
FN:120,_ZNKSt9type_infoeqERKS_
FNDA:4,_ZNKSt9type_infoeqERKS_
DA:120,4
DA:122,4
DA:123,4
DA:124,4
end_of_record
SF:/usr/include/c++/9/bits/allocator.h
FN:137,_ZNSaIN7testing10OnceActionIFiiEEEEC2Ev
FNDA:4,_ZNSaIN7testing10OnceActionIFiiEEEEC2Ev
FN:137,_ZNSaIPKvEC2Ev
FNDA:29,_ZNSaIPKvEC2Ev
FN:137,_ZNSaIN7testing10OnceActionIFiiiiEE23IgnoreIncomingArgumentsINS_8internal12ReturnActionIiE4ImplIiEEEEEC2Ev
FNDA:5,_ZNSaIN7testing10OnceActionIFiiiiEE23IgnoreIncomingArgumentsINS_8internal12ReturnActionIiE4ImplIiEEEEEC2Ev
FN:137,_ZNSaISt13_Rb_tree_nodeIN7testing11ExpectationEEEC2Ev
FNDA:9,_ZNSaISt13_Rb_tree_nodeIN7testing11ExpectationEEEC2Ev
FN:137,_ZNSaIN7testing10OnceActionIFiiEE23IgnoreIncomingArgumentsINS_8internal12ReturnActionIiE4ImplIiEEEEEC2Ev
FNDA:4,_ZNSaIN7testing10OnceActionIFiiEE23IgnoreIncomingArgumentsINS_8internal12ReturnActionIiE4ImplIiEEEEEC2Ev
FN:137,_ZNSaIN7testing10OnceActionIFiiiiEEEEC2Ev
FNDA:5,_ZNSaIN7testing10OnceActionIFiiiiEEEEC2Ev
FN:140,_ZNSaIN7testing10OnceActionIFiiiiEEEEC2ERKS3_
FNDA:15,_ZNSaIN7testing10OnceActionIFiiiiEEEEC2ERKS3_
FN:140,_ZNSaIN7testing10OnceActionIFiiEE23IgnoreIncomingArgumentsINS_8internal12ReturnActionIiE4ImplIiEEEEEC2ERKSA_
FNDA:12,_ZNSaIN7testing10OnceActionIFiiEE23IgnoreIncomingArgumentsINS_8internal12ReturnActionIiE4ImplIiEEEEEC2ERKSA_
FN:140,_ZNSaIN7testing10OnceActionIFiiEEEEC2ERKS3_
FNDA:12,_ZNSaIN7testing10OnceActionIFiiEEEEC2ERKS3_
FN:140,_ZNSaIN7testing10OnceActionIFiiiiEE23IgnoreIncomingArgumentsINS_8internal12ReturnActionIiE4ImplIiEEEEEC2ERKSA_
FNDA:15,_ZNSaIN7testing10OnceActionIFiiiiEE23IgnoreIncomingArgumentsINS_8internal12ReturnActionIiE4ImplIiEEEEEC2ERKSA_
FN:150,_ZNSaISt23_Sp_counted_ptr_inplaceIN7testing10OnceActionIFiiEEESaIS3_ELN9__gnu_cxx12_Lock_policyE2EEEC2IS3_EERKSaIT_E
FNDA:8,_ZNSaISt23_Sp_counted_ptr_inplaceIN7testing10OnceActionIFiiEEESaIS3_ELN9__gnu_cxx12_Lock_policyE2EEEC2IS3_EERKSaIT_E
FN:150,_ZNSaISt23_Sp_counted_ptr_inplaceIN7testing10OnceActionIFiiiiEEESaIS3_ELN9__gnu_cxx12_Lock_policyE2EEEC2IS3_EERKSaIT_E
FNDA:10,_ZNSaISt23_Sp_counted_ptr_inplaceIN7testing10OnceActionIFiiiiEEESaIS3_ELN9__gnu_cxx12_Lock_policyE2EEEC2IS3_EERKSaIT_E
FN:150,_ZNSaISt23_Sp_counted_ptr_inplaceIN7testing10OnceActionIFiiiiEE23IgnoreIncomingArgumentsINS0_8internal12ReturnActionIiE4ImplIiEEEESaISA_ELN9__gnu_cxx12_Lock_policyE2EEEC2ISA_EERKSaIT_E
FNDA:10,_ZNSaISt23_Sp_counted_ptr_inplaceIN7testing10OnceActionIFiiiiEE23IgnoreIncomingArgumentsINS0_8internal12ReturnActionIiE4ImplIiEEEESaISA_ELN9__gnu_cxx12_Lock_policyE2EEEC2ISA_EERKSaIT_E
FN:150,_ZNSaISt23_Sp_counted_ptr_inplaceIN7testing10OnceActionIFiiEE23IgnoreIncomingArgumentsINS0_8internal12ReturnActionIiE4ImplIiEEEESaISA_ELN9__gnu_cxx12_Lock_policyE2EEEC2ISA_EERKSaIT_E
FNDA:8,_ZNSaISt23_Sp_counted_ptr_inplaceIN7testing10OnceActionIFiiEE23IgnoreIncomingArgumentsINS0_8internal12ReturnActionIiE4ImplIiEEEESaISA_ELN9__gnu_cxx12_Lock_policyE2EEEC2ISA_EERKSaIT_E
FN:152,_ZNSaIN7testing10OnceActionIFiiEE23IgnoreIncomingArgumentsINS_8internal12ReturnActionIiE4ImplIiEEEEED2Ev
FNDA:16,_ZNSaIN7testing10OnceActionIFiiEE23IgnoreIncomingArgumentsINS_8internal12ReturnActionIiE4ImplIiEEEEED2Ev
FN:152,_ZNSaIPKvED2Ev
FNDA:29,_ZNSaIPKvED2Ev
FN:152,_ZNSaIN7testing10OnceActionIFiiiiEEEED2Ev
FNDA:20,_ZNSaIN7testing10OnceActionIFiiiiEEEED2Ev
FN:152,_ZNSaISt13_Rb_tree_nodeIN7testing11ExpectationEEED2Ev
FNDA:9,_ZNSaISt13_Rb_tree_nodeIN7testing11ExpectationEEED2Ev
FN:152,_ZNSaIN7testing10OnceActionIFiiEEEED2Ev
FNDA:16,_ZNSaIN7testing10OnceActionIFiiEEEED2Ev
FN:152,_ZNSaIN7testing10OnceActionIFiiiiEE23IgnoreIncomingArgumentsINS_8internal12ReturnActionIiE4ImplIiEEEEED2Ev
FNDA:20,_ZNSaIN7testing10OnceActionIFiiiiEE23IgnoreIncomingArgumentsINS_8internal12ReturnActionIiE4ImplIiEEEEED2Ev
FN:152,_ZNSaISt23_Sp_counted_ptr_inplaceIN7testing10OnceActionIFiiiiEEESaIS3_ELN9__gnu_cxx12_Lock_policyE2EEED2Ev
FNDA:10,_ZNSaISt23_Sp_counted_ptr_inplaceIN7testing10OnceActionIFiiiiEEESaIS3_ELN9__gnu_cxx12_Lock_policyE2EEED2Ev
FN:152,_ZNSaISt23_Sp_counted_ptr_inplaceIN7testing10OnceActionIFiiEEESaIS3_ELN9__gnu_cxx12_Lock_policyE2EEED2Ev
FNDA:8,_ZNSaISt23_Sp_counted_ptr_inplaceIN7testing10OnceActionIFiiEEESaIS3_ELN9__gnu_cxx12_Lock_policyE2EEED2Ev
FN:152,_ZNSaISt23_Sp_counted_ptr_inplaceIN7testing10OnceActionIFiiiiEE23IgnoreIncomingArgumentsINS0_8internal12ReturnActionIiE4ImplIiEEEESaISA_ELN9__gnu_cxx12_Lock_policyE2EEED2Ev
FNDA:10,_ZNSaISt23_Sp_counted_ptr_inplaceIN7testing10OnceActionIFiiiiEE23IgnoreIncomingArgumentsINS0_8internal12ReturnActionIiE4ImplIiEEEESaISA_ELN9__gnu_cxx12_Lock_policyE2EEED2Ev
FN:152,_ZNSaISt23_Sp_counted_ptr_inplaceIN7testing10OnceActionIFiiEE23IgnoreIncomingArgumentsINS0_8internal12ReturnActionIiE4ImplIiEEEESaISA_ELN9__gnu_cxx12_Lock_policyE2EEED2Ev
FNDA:8,_ZNSaISt23_Sp_counted_ptr_inplaceIN7testing10OnceActionIFiiEE23IgnoreIncomingArgumentsINS0_8internal12ReturnActionIiE4ImplIiEEEESaISA_ELN9__gnu_cxx12_Lock_policyE2EEED2Ev
DA:137,4
DA:137,5
DA:137,29
DA:137,4
DA:137,5
DA:137,9
DA:140,12
DA:141,12
DA:140,15
DA:141,15
DA:140,12
DA:141,12
DA:140,15
DA:141,15
DA:150,8
DA:150,10
DA:150,8
DA:150,10
DA:152,8
DA:152,10
DA:152,8
DA:152,10
DA:152,16
DA:152,20
DA:152,16
DA:152,20
DA:152,29
DA:152,9
end_of_record
SF:/usr/include/c++/9/bits/stl_tree.h
FN:146,_ZNSt20_Rb_tree_key_compareIN7testing11Expectation4LessEEC2Ev
FNDA:9,_ZNSt20_Rb_tree_key_compareIN7testing11Expectation4LessEEC2Ev
FN:173,_ZNSt15_Rb_tree_headerC2Ev
FNDA:32,_ZNSt15_Rb_tree_headerC2Ev
FN:206,_ZNSt15_Rb_tree_header8_M_resetEv
FNDA:37,_ZNSt15_Rb_tree_header8_M_resetEv
FN:234,_ZNSt13_Rb_tree_nodeIN7testing11ExpectationEE9_M_valptrEv
FNDA:0,_ZNSt13_Rb_tree_nodeIN7testing11ExpectationEE9_M_valptrEv
FN:238,_ZNKSt13_Rb_tree_nodeIN7testing11ExpectationEE9_M_valptrEv
FNDA:0,_ZNKSt13_Rb_tree_nodeIN7testing11ExpectationEE9_M_valptrEv
FN:345,_ZNSt23_Rb_tree_const_iteratorIN7testing11ExpectationEEC2EPKSt18_Rb_tree_node_base
FNDA:36,_ZNSt23_Rb_tree_const_iteratorIN7testing11ExpectationEEC2EPKSt18_Rb_tree_node_base
FN:360,_ZNKSt23_Rb_tree_const_iteratorIN7testing11ExpectationEEptEv
FNDA:0,_ZNKSt23_Rb_tree_const_iteratorIN7testing11ExpectationEEptEv
FN:364,_ZNSt23_Rb_tree_const_iteratorIN7testing11ExpectationEEppEv
FNDA:0,_ZNSt23_Rb_tree_const_iteratorIN7testing11ExpectationEEppEv
FN:398,_ZStneRKSt23_Rb_tree_const_iteratorIN7testing11ExpectationEES4_
FNDA:18,_ZStneRKSt23_Rb_tree_const_iteratorIN7testing11ExpectationEES4_
FN:566,_ZNSt8_Rb_treeIN7testing11ExpectationES1_St9_IdentityIS1_ENS1_4LessESaIS1_EE21_M_get_Node_allocatorEv
FNDA:0,_ZNSt8_Rb_treeIN7testing11ExpectationES1_St9_IdentityIS1_ENS1_4LessESaIS1_EE21_M_get_Node_allocatorEv
FN:583,_ZNSt8_Rb_treeIN7testing11ExpectationES1_St9_IdentityIS1_ENS1_4LessESaIS1_EE11_M_put_nodeEPSt13_Rb_tree_nodeIS1_E
FNDA:0,_ZNSt8_Rb_treeIN7testing11ExpectationES1_St9_IdentityIS1_ENS1_4LessESaIS1_EE11_M_put_nodeEPSt13_Rb_tree_nodeIS1_E
FN:637,_ZNSt8_Rb_treeIN7testing11ExpectationES1_St9_IdentityIS1_ENS1_4LessESaIS1_EE15_M_destroy_nodeEPSt13_Rb_tree_nodeIS1_E
FNDA:0,_ZNSt8_Rb_treeIN7testing11ExpectationES1_St9_IdentityIS1_ENS1_4LessESaIS1_EE15_M_destroy_nodeEPSt13_Rb_tree_nodeIS1_E
FN:648,_ZNSt8_Rb_treeIN7testing11ExpectationES1_St9_IdentityIS1_ENS1_4LessESaIS1_EE12_M_drop_nodeEPSt13_Rb_tree_nodeIS1_E
FNDA:0,_ZNSt8_Rb_treeIN7testing11ExpectationES1_St9_IdentityIS1_ENS1_4LessESaIS1_EE12_M_drop_nodeEPSt13_Rb_tree_nodeIS1_E
FN:680,_ZNSt8_Rb_treeIN7testing11ExpectationES1_St9_IdentityIS1_ENS1_4LessESaIS1_EE13_Rb_tree_implIS4_Lb1EEC2Ev
FNDA:9,_ZNSt8_Rb_treeIN7testing11ExpectationES1_St9_IdentityIS1_ENS1_4LessESaIS1_EE13_Rb_tree_implIS4_Lb1EEC2Ev
FN:749,_ZNSt8_Rb_treeIN7testing11ExpectationES1_St9_IdentityIS1_ENS1_4LessESaIS1_EE8_M_beginEv
FNDA:9,_ZNSt8_Rb_treeIN7testing11ExpectationES1_St9_IdentityIS1_ENS1_4LessESaIS1_EE8_M_beginEv
FN:794,_ZNSt8_Rb_treeIN7testing11ExpectationES1_St9_IdentityIS1_ENS1_4LessESaIS1_EE7_S_leftEPSt18_Rb_tree_node_base
FNDA:0,_ZNSt8_Rb_treeIN7testing11ExpectationES1_St9_IdentityIS1_ENS1_4LessESaIS1_EE7_S_leftEPSt18_Rb_tree_node_base
FN:802,_ZNSt8_Rb_treeIN7testing11ExpectationES1_St9_IdentityIS1_ENS1_4LessESaIS1_EE8_S_rightEPSt18_Rb_tree_node_base
FNDA:0,_ZNSt8_Rb_treeIN7testing11ExpectationES1_St9_IdentityIS1_ENS1_4LessESaIS1_EE8_S_rightEPSt18_Rb_tree_node_base
FN:944,_ZNSt8_Rb_treeIN7testing11ExpectationES1_St9_IdentityIS1_ENS1_4LessESaIS1_EEC2Ev
FNDA:9,_ZNSt8_Rb_treeIN7testing11ExpectationES1_St9_IdentityIS1_ENS1_4LessESaIS1_EEC2Ev
FN:999,_ZNSt8_Rb_treeIN7testing11ExpectationES1_St9_IdentityIS1_ENS1_4LessESaIS1_EED2Ev
FNDA:9,_ZNSt8_Rb_treeIN7testing11ExpectationES1_St9_IdentityIS1_ENS1_4LessESaIS1_EED2Ev
FN:1015,_ZNKSt8_Rb_treeIN7testing11ExpectationES1_St9_IdentityIS1_ENS1_4LessESaIS1_EE5beginEv
FNDA:18,_ZNKSt8_Rb_treeIN7testing11ExpectationES1_St9_IdentityIS1_ENS1_4LessESaIS1_EE5beginEv
FN:1023,_ZNKSt8_Rb_treeIN7testing11ExpectationES1_St9_IdentityIS1_ENS1_4LessESaIS1_EE3endEv
FNDA:18,_ZNKSt8_Rb_treeIN7testing11ExpectationES1_St9_IdentityIS1_ENS1_4LessESaIS1_EE3endEv
FN:1912,_ZNSt8_Rb_treeIN7testing11ExpectationES1_St9_IdentityIS1_ENS1_4LessESaIS1_EE8_M_eraseEPSt13_Rb_tree_nodeIS1_E
FNDA:9,_ZNSt8_Rb_treeIN7testing11ExpectationES1_St9_IdentityIS1_ENS1_4LessESaIS1_EE8_M_eraseEPSt13_Rb_tree_nodeIS1_E
DA:146,9
DA:150,9
DA:173,32
DA:174,32
DA:175,32
DA:176,32
DA:177,32
DA:206,37
DA:208,37
DA:209,37
DA:210,37
DA:211,37
DA:212,37
DA:234,0
DA:235,0
DA:238,0
DA:239,0
DA:345,36
DA:346,36
DA:360,0
DA:361,0
DA:364,0
DA:366,0
DA:367,0
DA:398,18
DA:399,18
DA:566,0
DA:567,0
DA:583,0
DA:584,0
DA:637,0
DA:642,0
DA:643,0
DA:645,0
DA:648,0
DA:650,0
DA:651,0
DA:652,0
DA:680,9
DA:684,9
DA:685,9
DA:749,9
DA:750,9
DA:794,0
DA:795,0
DA:802,0
DA:803,0
DA:944,9
DA:999,9
DA:1000,9
DA:1015,18
DA:1016,18
DA:1023,18
DA:1024,18
DA:1912,9
DA:1916,9
DA:1918,0
DA:1919,0
DA:1920,0
DA:1921,0
DA:1923,9
end_of_record
SF:/usr/include/c++/9/bits/basic_string.tcc
FN:206,_ZNSt7__cxx1112basic_stringIcSt11char_traitsIcESaIcEE12_M_constructIPcEEvT_S7_St20forward_iterator_tag
FNDA:0,_ZNSt7__cxx1112basic_stringIcSt11char_traitsIcESaIcEE12_M_constructIPcEEvT_S7_St20forward_iterator_tag
FN:206,_ZNSt7__cxx1112basic_stringIcSt11char_traitsIcESaIcEE12_M_constructIPKcEEvT_S8_St20forward_iterator_tag
FNDA:0,_ZNSt7__cxx1112basic_stringIcSt11char_traitsIcESaIcEE12_M_constructIPKcEEvT_S8_St20forward_iterator_tag
DA:206,0
DA:211,0
DA:212,0
DA:215,0
DA:217,0
DA:219,0
DA:220,0
DA:225,0
DA:226,0
DA:228,0
DA:229,0
DA:232,0
DA:233,0
DA:206,0
DA:211,0
DA:212,0
DA:215,0
DA:217,0
DA:219,0
DA:220,0
DA:225,0
DA:226,0
DA:228,0
DA:229,0
DA:232,0
DA:233,0
end_of_record
SF:/mnt/c/Users/user/Desktop/TTECH/my_project/build/_deps/googletest-src/googletest/include/gtest/internal/gtest-internal.h
FN:432,_ZN7testing8internal9GetTypeIdI12MultiplyTestEEPKvv
FNDA:30,_ZN7testing8internal9GetTypeIdI12MultiplyTestEEPKvv
FN:451,_ZN7testing8internal15TestFactoryBaseD0Ev
FNDA:0,_ZN7testing8internal15TestFactoryBaseD0Ev
FN:451,_ZN7testing8internal15TestFactoryBaseD2Ev
FNDA:30,_ZN7testing8internal15TestFactoryBaseD2Ev
FN:458,_ZN7testing8internal15TestFactoryBaseC2Ev
FNDA:30,_ZN7testing8internal15TestFactoryBaseC2Ev
FN:470,_ZN7testing8internal15TestFactoryImplI34MultiplyTest_Multiply_Success_TestE10CreateTestEv
FNDA:1,_ZN7testing8internal15TestFactoryImplI34MultiplyTest_Multiply_Success_TestE10CreateTestEv
FN:470,_ZN7testing8internal15TestFactoryImplI33MultiplyTest_Multiply_ByZero_TestE10CreateTestEv
FNDA:1,_ZN7testing8internal15TestFactoryImplI33MultiplyTest_Multiply_ByZero_TestE10CreateTestEv
FN:470,_ZN7testing8internal15TestFactoryImplI42MultiplyTest_Multiply_NegativeNumbers_TestE10CreateTestEv
FNDA:1,_ZN7testing8internal15TestFactoryImplI42MultiplyTest_Multiply_NegativeNumbers_TestE10CreateTestEv
FN:470,_ZN7testing8internal15TestFactoryImplI46MultiplyTest_Multiply_PositiveAndNegative_TestE10CreateTestEv
FNDA:1,_ZN7testing8internal15TestFactoryImplI46MultiplyTest_Multiply_PositiveAndNegative_TestE10CreateTestEv
FN:470,_ZN7testing8internal15TestFactoryImplI40MultiplyTest_Multiply_SocketFailure_TestE10CreateTestEv
FNDA:1,_ZN7testing8internal15TestFactoryImplI40MultiplyTest_Multiply_SocketFailure_TestE10CreateTestEv
FN:491,_ZN7testing8internal12CodeLocationC2ERKNSt7__cxx1112basic_stringIcSt11char_traitsIcESaIcEEEi
FNDA:30,_ZN7testing8internal12CodeLocationC2ERKNSt7__cxx1112basic_stringIcSt11char_traitsIcESaIcEEEi
FN:504,_ZN7testing8internal19GetNotDefaultOrNullEPFvvES2_
FNDA:120,_ZN7testing8internal19GetNotDefaultOrNullEPFvvES2_
FN:519,_ZN7testing8internal16SuiteApiResolverI12MultiplyTestE19GetSetUpCaseOrSuiteEPKci
FNDA:30,_ZN7testing8internal16SuiteApiResolverI12MultiplyTestE19GetSetUpCaseOrSuiteEPKci
FN:540,_ZN7testing8internal16SuiteApiResolverI12MultiplyTestE22GetTearDownCaseOrSuiteEPKci
FNDA:30,_ZN7testing8internal16SuiteApiResolverI12MultiplyTestE22GetTearDownCaseOrSuiteEPKci
DA:432,30
DA:437,30
DA:451,0
DA:451,30
DA:458,30
DA:470,1
DA:470,1
DA:470,1
DA:470,1
DA:470,1
DA:491,30
DA:492,30
DA:504,120
DA:506,120
DA:519,30
DA:523,30
DA:525,30
DA:527,30
DA:530,0
DA:532,30
DA:540,30
DA:544,30
DA:546,30
DA:548,30
DA:551,0
DA:553,30
end_of_record
SF:/mnt/c/Users/user/Desktop/TTECH/my_project/build/_deps/googletest-src/googlemock/include/gmock/gmock-cardinalities.h
FN:113,_ZNK7testing11Cardinality22IsSaturatedByCallCountEi
FNDA:18,_ZNK7testing11Cardinality22IsSaturatedByCallCountEi
DA:113,18
DA:114,18
end_of_record
SF:/usr/include/c++/9/bits/stl_iterator_base_funcs.h
FN:98,_ZSt10__distanceIPcENSt15iterator_traitsIT_E15difference_typeES2_S2_St26random_access_iterator_tag
FNDA:0,_ZSt10__distanceIPcENSt15iterator_traitsIT_E15difference_typeES2_S2_St26random_access_iterator_tag
FN:98,_ZSt10__distanceIPKcENSt15iterator_traitsIT_E15difference_typeES3_S3_St26random_access_iterator_tag
FNDA:0,_ZSt10__distanceIPKcENSt15iterator_traitsIT_E15difference_typeES3_S3_St26random_access_iterator_tag
FN:138,_ZSt8distanceIPcENSt15iterator_traitsIT_E15difference_typeES2_S2_
FNDA:0,_ZSt8distanceIPcENSt15iterator_traitsIT_E15difference_typeES2_S2_
FN:138,_ZSt8distanceIPKcENSt15iterator_traitsIT_E15difference_typeES3_S3_
FNDA:0,_ZSt8distanceIPKcENSt15iterator_traitsIT_E15difference_typeES3_S3_
DA:98,0
DA:104,0
DA:98,0
DA:104,0
DA:138,0
DA:141,0
DA:142,0
DA:138,0
DA:141,0
DA:142,0
end_of_record
SF:/usr/include/c++/9/bits/vector.tcc
FN:109,_ZNSt6vectorIPKvSaIS1_EE12emplace_backIJS1_EEEvDpOT_
FNDA:9,_ZNSt6vectorIPKvSaIS1_EE12emplace_backIJS1_EEEvDpOT_
FN:426,_ZNSt6vectorIPKvSaIS1_EE17_M_realloc_insertIJS1_EEEvN9__gnu_cxx17__normal_iteratorIPS1_S3_EEDpOT_
FNDA:9,_ZNSt6vectorIPKvSaIS1_EE17_M_realloc_insertIJS1_EEEvN9__gnu_cxx17__normal_iteratorIPS1_S3_EEDpOT_
FN:426,_ZNSt6vectorISt10shared_ptrIN7testing8internal15ExpectationBaseEESaIS4_EE17_M_realloc_insertIJRKS4_EEEvN9__gnu_cxx17__normal_iteratorIPS4_S6_EEDpOT_
FNDA:9,_ZNSt6vectorISt10shared_ptrIN7testing8internal15ExpectationBaseEESaIS4_EE17_M_realloc_insertIJRKS4_EEEvN9__gnu_cxx17__normal_iteratorIPS4_S6_EEDpOT_
DA:109,9
DA:112,9
DA:115,0
DA:117,0
DA:121,9
DA:125,9
DA:426,9
DA:435,9
DA:437,9
DA:438,9
DA:439,9
DA:440,9
DA:441,9
DA:449,9
DA:450,9
DA:456,9
DA:459,9
DA:461,9
DA:462,9
DA:464,9
DA:466,9
DA:467,9
DA:474,0
DA:475,0
DA:477,0
DA:481,0
DA:482,0
DA:485,0
DA:487,0
DA:488,0
DA:489,0
DA:491,0
DA:492,0
DA:493,0
DA:496,9
DA:498,0
DA:500,9
DA:501,9
DA:502,9
DA:503,9
DA:504,9
DA:505,9
DA:426,9
DA:435,9
DA:437,9
DA:438,9
DA:439,9
DA:440,9
DA:441,9
DA:449,9
DA:450,9
DA:456,9
DA:459,9
DA:461,9
DA:462,9
DA:464,9
DA:466,9
DA:467,9
DA:474,0
DA:475,0
DA:477,0
DA:481,0
DA:482,0
DA:485,0
DA:487,0
DA:488,0
DA:489,0
DA:491,0
DA:492,0
DA:493,0
DA:496,9
DA:498,0
DA:500,9
DA:501,9
DA:502,9
DA:503,9
DA:504,9
DA:505,9
end_of_record
SF:/mnt/c/Users/user/Desktop/TTECH/my_project/build/_deps/googletest-src/googletest/include/gtest/gtest-matchers.h
FN:82,_ZN7testing19MatchResultListenerC2EPSo
FNDA:28,_ZN7testing19MatchResultListenerC2EPSo
FN:94,_ZN7testing19MatchResultListener6streamEv
FNDA:28,_ZN7testing19MatchResultListener6streamEv
FN:109,_ZN7testing19MatchResultListenerD2Ev
FNDA:28,_ZN7testing19MatchResultListenerD2Ev
FN:109,_ZN7testing19MatchResultListenerD0Ev
FNDA:0,_ZN7testing19MatchResultListenerD0Ev
FN:115,_ZN7testing25MatcherDescriberInterfaceD2Ev
FNDA:119,_ZN7testing25MatcherDescriberInterfaceD2Ev
FN:115,_ZN7testing25MatcherDescriberInterfaceD0Ev
FNDA:0,_ZN7testing25MatcherDescriberInterfaceD0Ev
FN:130,_ZNK7testing25MatcherDescriberInterface18DescribeNegationToEPSo
FNDA:0,_ZNK7testing25MatcherDescriberInterface18DescribeNegationToEPSo
FN:183,_ZNK7testing8internal5AnyEqclIiiEEbRKT_RKT0_
FNDA:15,_ZNK7testing8internal5AnyEqclIiiEEbRKT_RKT0_
FN:221,_ZN7testing8internal24DummyMatchResultListenerC2Ev
FNDA:28,_ZN7testing8internal24DummyMatchResultListenerC2Ev
FN:244,_ZN7testing8internal17SharedPayloadBase3RefEv
FNDA:0,_ZN7testing8internal17SharedPayloadBase3RefEv
FN:245,_ZN7testing8internal17SharedPayloadBase5UnrefEv
FNDA:0,_ZN7testing8internal17SharedPayloadBase5UnrefEv
FN:268,_ZNK7testing8internal11MatcherBaseIiE15MatchAndExplainERKiPNS_19MatchResultListenerE
FNDA:19,_ZNK7testing8internal11MatcherBaseIiE15MatchAndExplainERKiPNS_19MatchResultListenerE
FN:268,_ZNK7testing8internal11MatcherBaseIRKSt5tupleIJiiiEEE15MatchAndExplainES5_PNS_19MatchResultListenerE
FNDA:5,_ZNK7testing8internal11MatcherBaseIRKSt5tupleIJiiiEEE15MatchAndExplainES5_PNS_19MatchResultListenerE
FN:268,_ZNK7testing8internal11MatcherBaseIRKSt5tupleIJiEEE15MatchAndExplainES5_PNS_19MatchResultListenerE
FNDA:4,_ZNK7testing8internal11MatcherBaseIRKSt5tupleIJiEEE15MatchAndExplainES5_PNS_19MatchResultListenerE
FN:274,_ZNK7testing8internal11MatcherBaseIRKSt5tupleIJiiiEEE7MatchesES5_
FNDA:5,_ZNK7testing8internal11MatcherBaseIRKSt5tupleIJiiiEEE7MatchesES5_
FN:274,_ZNK7testing8internal11MatcherBaseIRKSt5tupleIJiEEE7MatchesES5_
FNDA:4,_ZNK7testing8internal11MatcherBaseIRKSt5tupleIJiEEE7MatchesES5_
FN:274,_ZNK7testing8internal11MatcherBaseIiE7MatchesERKi
FNDA:19,_ZNK7testing8internal11MatcherBaseIiE7MatchesERKi
FN:280,_ZNK7testing8internal11MatcherBaseIiE10DescribeToEPSo
FNDA:0,_ZNK7testing8internal11MatcherBaseIiE10DescribeToEPSo
FN:280,_ZNK7testing8internal11MatcherBaseIRKSt5tupleIJiiiEEE10DescribeToEPSo
FNDA:0,_ZNK7testing8internal11MatcherBaseIRKSt5tupleIJiiiEEE10DescribeToEPSo
FN:280,_ZNK7testing8internal11MatcherBaseIRKSt5tupleIJiEEE10DescribeToEPSo
FNDA:0,_ZNK7testing8internal11MatcherBaseIRKSt5tupleIJiEEE10DescribeToEPSo
FN:286,_ZNK7testing8internal11MatcherBaseIRKSt5tupleIJiiiEEE18DescribeNegationToEPSo
FNDA:0,_ZNK7testing8internal11MatcherBaseIRKSt5tupleIJiiiEEE18DescribeNegationToEPSo
FN:286,_ZNK7testing8internal11MatcherBaseIiE18DescribeNegationToEPSo
FNDA:0,_ZNK7testing8internal11MatcherBaseIiE18DescribeNegationToEPSo
FN:286,_ZNK7testing8internal11MatcherBaseIRKSt5tupleIJiEEE18DescribeNegationToEPSo
FNDA:0,_ZNK7testing8internal11MatcherBaseIRKSt5tupleIJiEEE18DescribeNegationToEPSo
FN:306,_ZN7testing8internal11MatcherBaseIiEC2Ev
FNDA:15,_ZN7testing8internal11MatcherBaseIiEC2Ev
FN:317,_ZN7testing8internal11MatcherBaseIiEC2INS0_9EqMatcherIiEEvEEOT_
FNDA:15,_ZN7testing8internal11MatcherBaseIiEC2INS0_9EqMatcherIiEEvEEOT_
FN:317,_ZN7testing8internal11MatcherBaseIiEC2IRKNS0_15AnythingMatcherEvEEOT_
FNDA:4,_ZN7testing8internal11MatcherBaseIiEC2IRKNS0_15AnythingMatcherEvEEOT_
FN:317,_ZN7testing8internal11MatcherBaseIRKSt5tupleIJiEEEC2IRKNS0_15AnythingMatcherEvEEOT_
FNDA:4,_ZN7testing8internal11MatcherBaseIRKSt5tupleIJiEEEC2IRKNS0_15AnythingMatcherEvEEOT_
FN:317,_ZN7testing8internal11MatcherBaseIRKSt5tupleIJiiiEEEC2IRKNS0_15AnythingMatcherEvEEOT_
FNDA:5,_ZN7testing8internal11MatcherBaseIRKSt5tupleIJiiiEEEC2IRKNS0_15AnythingMatcherEvEEOT_
FN:321,_ZN7testing8internal11MatcherBaseIiEC2ERKS2_
FNDA:57,_ZN7testing8internal11MatcherBaseIiEC2ERKS2_
FN:335,_ZN7testing8internal11MatcherBaseIiEC2EOS2_
FNDA:19,_ZN7testing8internal11MatcherBaseIiEC2EOS2_
FN:340,_ZN7testing8internal11MatcherBaseIiEaSEOS2_
FNDA:15,_ZN7testing8internal11MatcherBaseIiEaSEOS2_
FN:349,_ZN7testing8internal11MatcherBaseIRKSt5tupleIJiEEED0Ev
FNDA:0,_ZN7testing8internal11MatcherBaseIRKSt5tupleIJiEEED0Ev
FN:349,_ZN7testing8internal11MatcherBaseIRKSt5tupleIJiEEED2Ev
FNDA:4,_ZN7testing8internal11MatcherBaseIRKSt5tupleIJiEEED2Ev
FN:349,_ZN7testing8internal11MatcherBaseIRKSt5tupleIJiiiEEED0Ev
FNDA:0,_ZN7testing8internal11MatcherBaseIRKSt5tupleIJiiiEEED0Ev
FN:349,_ZN7testing8internal11MatcherBaseIRKSt5tupleIJiiiEEED2Ev
FNDA:5,_ZN7testing8internal11MatcherBaseIRKSt5tupleIJiiiEEED2Ev
FN:349,_ZN7testing8internal11MatcherBaseIiED0Ev
FNDA:0,_ZN7testing8internal11MatcherBaseIiED0Ev
FN:349,_ZN7testing8internal11MatcherBaseIiED2Ev
FNDA:110,_ZN7testing8internal11MatcherBaseIiED2Ev
FN:363,_ZNK7testing8internal11MatcherBaseIRKSt5tupleIJiiiEEE8IsSharedEv
FNDA:5,_ZNK7testing8internal11MatcherBaseIRKSt5tupleIJiiiEEE8IsSharedEv
FN:363,_ZNK7testing8internal11MatcherBaseIiE8IsSharedEv
FNDA:182,_ZNK7testing8internal11MatcherBaseIiE8IsSharedEv
FN:363,_ZNK7testing8internal11MatcherBaseIRKSt5tupleIJiEEE8IsSharedEv
FNDA:4,_ZNK7testing8internal11MatcherBaseIRKSt5tupleIJiEEE8IsSharedEv
FN:369,_ZN7testing8internal11MatcherBaseIiE19MatchAndExplainImplINS2_11ValuePolicyINS0_9EqMatcherIiEELb1EEEEEDTcldtclsrT_3Getfp_E15MatchAndExplainfp0_clptfp1_L_ZNS_19MatchResultListener6streamEvEEEERKS2_RKiPS9_
FNDA:15,_ZN7testing8internal11MatcherBaseIiE19MatchAndExplainImplINS2_11ValuePolicyINS0_9EqMatcherIiEELb1EEEEEDTcldtclsrT_3Getfp_E15MatchAndExplainfp0_clptfp1_L_ZNS_19MatchResultListener6streamEvEEEERKS2_RKiPS9_
FN:369,_ZN7testing8internal11MatcherBaseIRKSt5tupleIJiEEE19MatchAndExplainImplINS6_11ValuePolicyINS0_15AnythingMatcherELb1EEEEEDTcldtclsrT_3Getfp_E15MatchAndExplainfp0_clptfp1_L_ZNS_19MatchResultListener6streamEvEEEERKS6_S5_PSC_
FNDA:4,_ZN7testing8internal11MatcherBaseIRKSt5tupleIJiEEE19MatchAndExplainImplINS6_11ValuePolicyINS0_15AnythingMatcherELb1EEEEEDTcldtclsrT_3Getfp_E15MatchAndExplainfp0_clptfp1_L_ZNS_19MatchResultListener6streamEvEEEERKS6_S5_PSC_
FN:369,_ZN7testing8internal11MatcherBaseIRKSt5tupleIJiiiEEE19MatchAndExplainImplINS6_11ValuePolicyINS0_15AnythingMatcherELb1EEEEEDTcldtclsrT_3Getfp_E15MatchAndExplainfp0_clptfp1_L_ZNS_19MatchResultListener6streamEvEEEERKS6_S5_PSC_
FNDA:5,_ZN7testing8internal11MatcherBaseIRKSt5tupleIJiiiEEE19MatchAndExplainImplINS6_11ValuePolicyINS0_15AnythingMatcherELb1EEEEEDTcldtclsrT_3Getfp_E15MatchAndExplainfp0_clptfp1_L_ZNS_19MatchResultListener6streamEvEEEERKS6_S5_PSC_
FN:369,_ZN7testing8internal11MatcherBaseIiE19MatchAndExplainImplINS2_11ValuePolicyINS0_15AnythingMatcherELb1EEEEEDTcldtclsrT_3Getfp_E15MatchAndExplainfp0_clptfp1_L_ZNS_19MatchResultListener6streamEvEEEERKS2_RKiPS8_
FNDA:4,_ZN7testing8internal11MatcherBaseIiE19MatchAndExplainImplINS2_11ValuePolicyINS0_15AnythingMatcherELb1EEEEEDTcldtclsrT_3Getfp_E15MatchAndExplainfp0_clptfp1_L_ZNS_19MatchResultListener6streamEvEEEERKS2_RKiPS8_
FN:383,_ZN7testing8internal11MatcherBaseIiE12DescribeImplINS2_11ValuePolicyINS0_15AnythingMatcherELb1EEEEEvRKS2_PSob
FNDA:0,_ZN7testing8internal11MatcherBaseIiE12DescribeImplINS2_11ValuePolicyINS0_15AnythingMatcherELb1EEEEEvRKS2_PSob
FN:383,_ZN7testing8internal11MatcherBaseIRKSt5tupleIJiiiEEE12DescribeImplINS6_11ValuePolicyINS0_15AnythingMatcherELb1EEEEEvRKS6_PSob
FNDA:0,_ZN7testing8internal11MatcherBaseIRKSt5tupleIJiiiEEE12DescribeImplINS6_11ValuePolicyINS0_15AnythingMatcherELb1EEEEEvRKS6_PSob
FN:383,_ZN7testing8internal11MatcherBaseIiE12DescribeImplINS2_11ValuePolicyINS0_9EqMatcherIiEELb1EEEEEvRKS2_PSob
FNDA:0,_ZN7testing8internal11MatcherBaseIiE12DescribeImplINS2_11ValuePolicyINS0_9EqMatcherIiEELb1EEEEEvRKS2_PSob
FN:383,_ZN7testing8internal11MatcherBaseIRKSt5tupleIJiEEE12DescribeImplINS6_11ValuePolicyINS0_15AnythingMatcherELb1EEEEEvRKS6_PSob
FNDA:0,_ZN7testing8internal11MatcherBaseIRKSt5tupleIJiEEE12DescribeImplINS6_11ValuePolicyINS0_15AnythingMatcherELb1EEEEEvRKS6_PSob
FN:393,_ZN7testing8internal11MatcherBaseIiE16GetDescriberImplINS2_11ValuePolicyINS0_15AnythingMatcherELb1EEEEEPKNS_25MatcherDescriberInterfaceERKS2_
FNDA:0,_ZN7testing8internal11MatcherBaseIiE16GetDescriberImplINS2_11ValuePolicyINS0_15AnythingMatcherELb1EEEEEPKNS_25MatcherDescriberInterfaceERKS2_
FN:393,_ZN7testing8internal11MatcherBaseIiE16GetDescriberImplINS2_11ValuePolicyINS0_9EqMatcherIiEELb1EEEEEPKNS_25MatcherDescriberInterfaceERKS2_
FNDA:0,_ZN7testing8internal11MatcherBaseIiE16GetDescriberImplINS2_11ValuePolicyINS0_9EqMatcherIiEELb1EEEEEPKNS_25MatcherDescriberInterfaceERKS2_
FN:393,_ZN7testing8internal11MatcherBaseIRKSt5tupleIJiiiEEE16GetDescriberImplINS6_11ValuePolicyINS0_15AnythingMatcherELb1EEEEEPKNS_25MatcherDescriberInterfaceERKS6_
FNDA:0,_ZN7testing8internal11MatcherBaseIRKSt5tupleIJiiiEEE16GetDescriberImplINS6_11ValuePolicyINS0_15AnythingMatcherELb1EEEEEPKNS_25MatcherDescriberInterfaceERKS6_
FN:393,_ZN7testing8internal11MatcherBaseIRKSt5tupleIJiEEE16GetDescriberImplINS6_11ValuePolicyINS0_15AnythingMatcherELb1EEEEEPKNS_25MatcherDescriberInterfaceERKS6_
FNDA:0,_ZN7testing8internal11MatcherBaseIRKSt5tupleIJiEEE16GetDescriberImplINS6_11ValuePolicyINS0_15AnythingMatcherELb1EEEEEPKNS_25MatcherDescriberInterfaceERKS6_
FN:409,_ZN7testing8internal11MatcherBaseIiE9GetVTableINS2_11ValuePolicyINS0_9EqMatcherIiEELb1EEEEEPKNS2_6VTableEv
FNDA:15,_ZN7testing8internal11MatcherBaseIiE9GetVTableINS2_11ValuePolicyINS0_9EqMatcherIiEELb1EEEEEPKNS2_6VTableEv
FN:409,_ZN7testing8internal11MatcherBaseIRKSt5tupleIJiiiEEE9GetVTableINS6_11ValuePolicyINS0_15AnythingMatcherELb1EEEEEPKNS6_6VTableEv
FNDA:5,_ZN7testing8internal11MatcherBaseIRKSt5tupleIJiiiEEE9GetVTableINS6_11ValuePolicyINS0_15AnythingMatcherELb1EEEEEPKNS6_6VTableEv
FN:409,_ZN7testing8internal11MatcherBaseIiE9GetVTableINS2_11ValuePolicyINS0_15AnythingMatcherELb1EEEEEPKNS2_6VTableEv
FNDA:4,_ZN7testing8internal11MatcherBaseIiE9GetVTableINS2_11ValuePolicyINS0_15AnythingMatcherELb1EEEEEPKNS2_6VTableEv
FN:409,_ZN7testing8internal11MatcherBaseIRKSt5tupleIJiEEE9GetVTableINS6_11ValuePolicyINS0_15AnythingMatcherELb1EEEEEPKNS6_6VTableEv
FNDA:4,_ZN7testing8internal11MatcherBaseIRKSt5tupleIJiEEE9GetVTableINS6_11ValuePolicyINS0_15AnythingMatcherELb1EEEEEPKNS6_6VTableEv
FN:425,_ZN7testing8internal11MatcherBaseIiE7DestroyEv
FNDA:125,_ZN7testing8internal11MatcherBaseIiE7DestroyEv
FN:425,_ZN7testing8internal11MatcherBaseIRKSt5tupleIJiEEE7DestroyEv
FNDA:4,_ZN7testing8internal11MatcherBaseIRKSt5tupleIJiEEE7DestroyEv
FN:425,_ZN7testing8internal11MatcherBaseIRKSt5tupleIJiiiEEE7DestroyEv
FNDA:5,_ZN7testing8internal11MatcherBaseIRKSt5tupleIJiiiEEE7DestroyEv
FN:440,_ZN7testing8internal11MatcherBaseIRKSt5tupleIJiEEE11ValuePolicyINS0_15AnythingMatcherELb1EE3GetERKS6_
FNDA:4,_ZN7testing8internal11MatcherBaseIRKSt5tupleIJiEEE11ValuePolicyINS0_15AnythingMatcherELb1EE3GetERKS6_
FN:440,_ZN7testing8internal11MatcherBaseIRKSt5tupleIJiiiEEE11ValuePolicyINS0_15AnythingMatcherELb1EE3GetERKS6_
FNDA:5,_ZN7testing8internal11MatcherBaseIRKSt5tupleIJiiiEEE11ValuePolicyINS0_15AnythingMatcherELb1EE3GetERKS6_
FN:440,_ZN7testing8internal11MatcherBaseIiE11ValuePolicyINS0_9EqMatcherIiEELb1EE3GetERKS2_
FNDA:15,_ZN7testing8internal11MatcherBaseIiE11ValuePolicyINS0_9EqMatcherIiEELb1EE3GetERKS2_
FN:440,_ZN7testing8internal11MatcherBaseIiE11ValuePolicyINS0_15AnythingMatcherELb1EE3GetERKS2_
FNDA:4,_ZN7testing8internal11MatcherBaseIiE11ValuePolicyINS0_15AnythingMatcherELb1EE3GetERKS2_
FN:447,_ZN7testing8internal11MatcherBaseIRKSt5tupleIJiiiEEE11ValuePolicyINS0_15AnythingMatcherELb1EE4InitERS6_S8_
FNDA:5,_ZN7testing8internal11MatcherBaseIRKSt5tupleIJiiiEEE11ValuePolicyINS0_15AnythingMatcherELb1EE4InitERS6_S8_
FN:447,_ZN7testing8internal11MatcherBaseIiE11ValuePolicyINS0_15AnythingMatcherELb1EE4InitERS2_S4_
FNDA:4,_ZN7testing8internal11MatcherBaseIiE11ValuePolicyINS0_15AnythingMatcherELb1EE4InitERS2_S4_
FN:447,_ZN7testing8internal11MatcherBaseIiE11ValuePolicyINS0_9EqMatcherIiEELb1EE4InitERS2_S5_
FNDA:15,_ZN7testing8internal11MatcherBaseIiE11ValuePolicyINS0_9EqMatcherIiEELb1EE4InitERS2_S5_
FN:447,_ZN7testing8internal11MatcherBaseIRKSt5tupleIJiEEE11ValuePolicyINS0_15AnythingMatcherELb1EE4InitERS6_S8_
FNDA:4,_ZN7testing8internal11MatcherBaseIRKSt5tupleIJiEEE11ValuePolicyINS0_15AnythingMatcherELb1EE4InitERS6_S8_
FN:481,_ZN7testing8internal11MatcherBaseIiE4InitIRKNS0_15AnythingMatcherEEEvOT_
FNDA:4,_ZN7testing8internal11MatcherBaseIiE4InitIRKNS0_15AnythingMatcherEEEvOT_
FN:481,_ZN7testing8internal11MatcherBaseIRKSt5tupleIJiEEE4InitIRKNS0_15AnythingMatcherEEEvOT_
FNDA:4,_ZN7testing8internal11MatcherBaseIRKSt5tupleIJiEEE4InitIRKNS0_15AnythingMatcherEEEvOT_
FN:481,_ZN7testing8internal11MatcherBaseIRKSt5tupleIJiiiEEE4InitIRKNS0_15AnythingMatcherEEEvOT_
FNDA:5,_ZN7testing8internal11MatcherBaseIRKSt5tupleIJiiiEEE4InitIRKNS0_15AnythingMatcherEEEvOT_
FN:481,_ZN7testing8internal11MatcherBaseIiE4InitINS0_9EqMatcherIiEEEEvOT_
FNDA:15,_ZN7testing8internal11MatcherBaseIiE4InitINS0_9EqMatcherIiEEEEvOT_
FN:519,_ZN7testing7MatcherIiEC2IRKNS_8internal15AnythingMatcherEvEEOT_
FNDA:4,_ZN7testing7MatcherIiEC2IRKNS_8internal15AnythingMatcherEvEEOT_
FN:519,_ZN7testing7MatcherIRKSt5tupleIJiEEEC2IRKNS_8internal15AnythingMatcherEvEEOT_
FNDA:4,_ZN7testing7MatcherIRKSt5tupleIJiEEEC2IRKNS_8internal15AnythingMatcherEvEEOT_
FN:519,_ZN7testing7MatcherIRKSt5tupleIJiiiEEEC2IRKNS_8internal15AnythingMatcherEvEEOT_
FNDA:5,_ZN7testing7MatcherIRKSt5tupleIJiiiEEEC2IRKNS_8internal15AnythingMatcherEvEEOT_
FN:519,_ZN7testing7MatcherIiEC2INS_8internal9EqMatcherIiEEvEEOT_
FNDA:15,_ZN7testing7MatcherIiEC2INS_8internal9EqMatcherIiEEvEEOT_
FN:730,_ZN7testing8internal14ComparisonBaseINS0_9EqMatcherIiEEiNS0_5AnyEqEEC2ERKi
FNDA:15,_ZN7testing8internal14ComparisonBaseINS0_9EqMatcherIiEEiNS0_5AnyEqEEC2ERKi
FN:735,_ZNK7testing8internal14ComparisonBaseINS0_9EqMatcherIiEEiNS0_5AnyEqEE15MatchAndExplainIiEEbRKT_PSo
FNDA:15,_ZNK7testing8internal14ComparisonBaseINS0_9EqMatcherIiEEiNS0_5AnyEqEE15MatchAndExplainIiEEbRKT_PSo
FN:738,_ZNK7testing8internal14ComparisonBaseINS0_9EqMatcherIiEEiNS0_5AnyEqEE10DescribeToEPSo
FNDA:0,_ZNK7testing8internal14ComparisonBaseINS0_9EqMatcherIiEEiNS0_5AnyEqEE10DescribeToEPSo
FN:742,_ZNK7testing8internal14ComparisonBaseINS0_9EqMatcherIiEEiNS0_5AnyEqEE18DescribeNegationToEPSo
FNDA:0,_ZNK7testing8internal14ComparisonBaseINS0_9EqMatcherIiEEiNS0_5AnyEqEE18DescribeNegationToEPSo
FN:749,_ZN7testing8internal14ComparisonBaseINS0_9EqMatcherIiEEiNS0_5AnyEqEE6UnwrapIiEERKT_S9_
FNDA:15,_ZN7testing8internal14ComparisonBaseINS0_9EqMatcherIiEEiNS0_5AnyEqEE6UnwrapIiEERKT_S9_
FN:763,_ZN7testing8internal9EqMatcherIiEC2ERKi
FNDA:15,_ZN7testing8internal9EqMatcherIiEC2ERKi
FN:765,_ZN7testing8internal9EqMatcherIiE4DescEv
FNDA:0,_ZN7testing8internal9EqMatcherIiE4DescEv
FN:766,_ZN7testing8internal9EqMatcherIiE11NegatedDescEv
FNDA:0,_ZN7testing8internal9EqMatcherIiE11NegatedDescEv
FN:895,_ZN7testing2EqIiEENS_8internal9EqMatcherIT_EES3_
FNDA:15,_ZN7testing2EqIiEENS_8internal9EqMatcherIT_EES3_
FN:902,_ZN7testing7MatcherIiEC2Ei
FNDA:15,_ZN7testing7MatcherIiEC2Ei
DA:82,28
DA:94,28
DA:109,0
DA:109,28
DA:115,0
DA:115,119
DA:130,0
DA:131,0
DA:132,0
DA:133,0
DA:134,0
DA:183,15
DA:184,15
DA:221,28
DA:244,0
DA:245,0
DA:268,19
DA:269,19
DA:270,19
DA:268,4
DA:269,4
DA:270,4
DA:268,5
DA:269,5
DA:270,5
DA:274,19
DA:275,19
DA:276,38
DA:274,4
DA:275,4
DA:276,8
DA:274,5
DA:275,5
DA:276,10
DA:280,0
DA:281,0
DA:282,0
DA:283,0
DA:280,0
DA:281,0
DA:282,0
DA:283,0
DA:280,0
DA:281,0
DA:282,0
DA:283,0
DA:286,0
DA:287,0
DA:288,0
DA:289,0
DA:286,0
DA:287,0
DA:288,0
DA:289,0
DA:286,0
DA:287,0
DA:288,0
DA:289,0
DA:306,15
DA:317,4
DA:318,4
DA:319,4
DA:317,5
DA:318,5
DA:319,5
DA:317,15
DA:318,15
DA:319,15
DA:317,4
DA:318,4
DA:319,4
DA:321,57
DA:322,57
DA:323,57
DA:324,57
DA:335,19
DA:336,19
DA:337,19
DA:338,19
DA:340,15
DA:341,15
DA:342,15
DA:343,15
DA:344,15
DA:345,15
DA:346,15
DA:349,0
DA:349,4
DA:349,0
DA:349,5
DA:349,0
DA:349,110
DA:363,4
DA:364,4
DA:363,5
DA:364,5
DA:363,182
DA:364,182
DA:369,4
DA:372,4
DA:369,5
DA:372,5
DA:369,15
DA:372,15
DA:369,4
DA:372,4
DA:383,0
DA:385,0
DA:386,0
DA:388,0
DA:390,0
DA:383,0
DA:385,0
DA:386,0
DA:388,0
DA:390,0
DA:383,0
DA:385,0
DA:386,0
DA:388,0
DA:390,0
DA:383,0
DA:385,0
DA:386,0
DA:388,0
DA:390,0
DA:393,0
DA:405,0
DA:393,0
DA:405,0
DA:393,0
DA:405,0
DA:393,0
DA:405,0
DA:409,4
DA:413,4
DA:409,5
DA:413,5
DA:409,15
DA:413,15
DA:409,4
DA:413,4
DA:425,4
DA:426,4
DA:427,0
DA:429,4
DA:425,5
DA:426,5
DA:427,0
DA:429,5
DA:425,125
DA:426,125
DA:427,0
DA:429,125
DA:440,4
DA:443,4
DA:445,4
DA:440,5
DA:443,5
DA:445,5
DA:440,15
DA:443,15
DA:445,15
DA:440,4
DA:443,4
DA:445,4
DA:447,4
DA:448,4
DA:449,4
DA:447,5
DA:448,5
DA:449,5
DA:447,15
DA:448,15
DA:449,15
DA:447,4
DA:448,4
DA:449,4
DA:481,4
DA:484,4
DA:485,4
DA:486,4
DA:481,5
DA:484,5
DA:485,5
DA:486,5
DA:481,15
DA:484,15
DA:485,15
DA:486,15
DA:481,4
DA:484,4
DA:485,4
DA:486,4
DA:519,4
DA:519,5
DA:519,15
DA:519,4
DA:730,15
DA:735,15
DA:736,15
DA:738,0
DA:739,0
DA:740,0
DA:741,0
DA:742,0
DA:743,0
DA:744,0
DA:745,0
DA:749,15
DA:750,15
DA:763,15
DA:764,15
DA:765,0
DA:766,0
DA:895,15
DA:896,15
DA:902,15
DA:903,15
DA:904,15
end_of_record
SF:/mnt/c/Users/user/Desktop/TTECH/my_project/build/_deps/googletest-src/googlemock/include/gmock/internal/gmock-internal-utils.h
FN:228,_ZN7testing8internal6AssertEbPKciRKNSt7__cxx1112basic_stringIcSt11char_traitsIcESaIcEEE
FNDA:20,_ZN7testing8internal6AssertEbPKciRKNSt7__cxx1112basic_stringIcSt11char_traitsIcESaIcEEE
FN:241,_ZN7testing8internal6ExpectEbPKciRKNSt7__cxx1112basic_stringIcSt11char_traitsIcESaIcEEE
FNDA:9,_ZN7testing8internal6ExpectEbPKciRKNSt7__cxx1112basic_stringIcSt11char_traitsIcESaIcEEE
FN:408,_ZN7testing8internal9ApplyImplIRKSt8functionIFiiEESt5tupleIJiEEJLm0EEEEDTclcl7forwardIT_Efp_Espcl3getIXT1_EEcl7forwardIT0_Efp0_EEEEOS9_OSA_NS0_13IndexSequenceIJXspT1_EEEE
FNDA:4,_ZN7testing8internal9ApplyImplIRKSt8functionIFiiEESt5tupleIJiEEJLm0EEEEDTclcl7forwardIT_Efp_Espcl3getIXT1_EEcl7forwardIT0_Efp0_EEEEOS9_OSA_NS0_13IndexSequenceIJXspT1_EEEE
FN:408,_ZN7testing8internal9ApplyImplIRKSt8functionIFiiiiEESt5tupleIJiiiEEJLm0ELm1ELm2EEEEDTclcl7forwardIT_Efp_Espcl3getIXT1_EEcl7forwardIT0_Efp0_EEEEOS9_OSA_NS0_13IndexSequenceIJXspT1_EEEE
FNDA:5,_ZN7testing8internal9ApplyImplIRKSt8functionIFiiiiEESt5tupleIJiiiEEJLm0ELm1ELm2EEEEDTclcl7forwardIT_Efp_Espcl3getIXT1_EEcl7forwardIT0_Efp0_EEEEOS9_OSA_NS0_13IndexSequenceIJXspT1_EEEE
FN:416,_ZN7testing8internal5ApplyIRKSt8functionIFiiEESt5tupleIJiEEEEDTcl9ApplyImplcl7forwardIT_Efp_Ecl7forwardIT0_Efp0_EcvNS0_21MakeIndexSequenceImplIXsrSt10tuple_sizeINSt16remove_referenceISA_E4typeEE5valueEE4typeE_EEEOS9_OSA_
FNDA:4,_ZN7testing8internal5ApplyIRKSt8functionIFiiEESt5tupleIJiEEEEDTcl9ApplyImplcl7forwardIT_Efp_Ecl7forwardIT0_Efp0_EcvNS0_21MakeIndexSequenceImplIXsrSt10tuple_sizeINSt16remove_referenceISA_E4typeEE5valueEE4typeE_EEEOS9_OSA_
FN:416,_ZN7testing8internal5ApplyIRKSt8functionIFiiiiEESt5tupleIJiiiEEEEDTcl9ApplyImplcl7forwardIT_Efp_Ecl7forwardIT0_Efp0_EcvNS0_21MakeIndexSequenceImplIXsrSt10tuple_sizeINSt16remove_referenceISA_E4typeEE5valueEE4typeE_EEEOS9_OSA_
FNDA:5,_ZN7testing8internal5ApplyIRKSt8functionIFiiiiEESt5tupleIJiiiEEEEDTcl9ApplyImplcl7forwardIT_Efp_Ecl7forwardIT0_Efp0_EcvNS0_21MakeIndexSequenceImplIXsrSt10tuple_sizeINSt16remove_referenceISA_E4typeEE5valueEE4typeE_EEEOS9_OSA_
DA:228,20
DA:230,20
DA:231,0
DA:232,0
DA:234,20
DA:241,9
DA:243,9
DA:244,0
DA:245,0
DA:247,9
DA:408,4
DA:411,4
DA:408,5
DA:411,5
DA:416,4
DA:420,8
DA:422,8
DA:416,5
DA:420,10
DA:422,10
end_of_record
SF:/usr/include/c++/9/bits/basic_string.h
FN:247,_ZNSt7__cxx1112basic_stringIcSt11char_traitsIcESaIcEE16_M_construct_auxIPcEEvT_S7_St12__false_type
FNDA:0,_ZNSt7__cxx1112basic_stringIcSt11char_traitsIcESaIcEE16_M_construct_auxIPcEEvT_S7_St12__false_type
FN:247,_ZNSt7__cxx1112basic_stringIcSt11char_traitsIcESaIcEE16_M_construct_auxIPKcEEvT_S8_St12__false_type
FNDA:0,_ZNSt7__cxx1112basic_stringIcSt11char_traitsIcESaIcEE16_M_construct_auxIPKcEEvT_S8_St12__false_type
FN:267,_ZNSt7__cxx1112basic_stringIcSt11char_traitsIcESaIcEE12_M_constructIPcEEvT_S7_
FNDA:0,_ZNSt7__cxx1112basic_stringIcSt11char_traitsIcESaIcEE12_M_constructIPcEEvT_S7_
FN:267,_ZNSt7__cxx1112basic_stringIcSt11char_traitsIcESaIcEE12_M_constructIPKcEEvT_S8_
FNDA:0,_ZNSt7__cxx1112basic_stringIcSt11char_traitsIcESaIcEE12_M_constructIPKcEEvT_S8_
FN:6060,_ZStplIcSt11char_traitsIcESaIcEENSt7__cxx1112basic_stringIT_T0_T1_EERKS8_PKS5_
FNDA:50,_ZStplIcSt11char_traitsIcESaIcEENSt7__cxx1112basic_stringIT_T0_T1_EERKS8_PKS5_
FN:6100,_ZStplIcSt11char_traitsIcESaIcEENSt7__cxx1112basic_stringIT_T0_T1_EEOS8_S9_
FNDA:9,_ZStplIcSt11char_traitsIcESaIcEENSt7__cxx1112basic_stringIT_T0_T1_EEOS8_S9_
FN:6112,_ZStplIcSt11char_traitsIcESaIcEENSt7__cxx1112basic_stringIT_T0_T1_EEPKS5_OS8_
FNDA:0,_ZStplIcSt11char_traitsIcESaIcEENSt7__cxx1112basic_stringIT_T0_T1_EEPKS5_OS8_
FN:6124,_ZStplIcSt11char_traitsIcESaIcEENSt7__cxx1112basic_stringIT_T0_T1_EEOS8_PKS5_
FNDA:225,_ZStplIcSt11char_traitsIcESaIcEENSt7__cxx1112basic_stringIT_T0_T1_EEOS8_PKS5_
FN:6178,_ZSteqIcSt11char_traitsIcESaIcEEbRKNSt7__cxx1112basic_stringIT_T0_T1_EEPKS5_
FNDA:67,_ZSteqIcSt11char_traitsIcESaIcEEbRKNSt7__cxx1112basic_stringIT_T0_T1_EEPKS5_
FN:6216,_ZStneIcSt11char_traitsIcESaIcEEbRKNSt7__cxx1112basic_stringIT_T0_T1_EEPKS5_
FNDA:6,_ZStneIcSt11char_traitsIcESaIcEEbRKNSt7__cxx1112basic_stringIT_T0_T1_EEPKS5_
DA:247,0
DA:251,0
DA:252,0
DA:247,0
DA:251,0
DA:252,0
DA:267,0
DA:270,0
DA:271,0
DA:267,0
DA:270,0
DA:271,0
DA:6060,50
DA:6063,50
DA:6064,50
DA:6065,50
DA:6100,9
DA:6103,9
DA:6104,9
DA:6105,9
DA:6106,0
DA:6107,9
DA:6112,0
DA:6114,0
DA:6124,225
DA:6126,225
DA:6178,67
DA:6180,67
DA:6216,6
DA:6218,6
end_of_record
SF:/usr/include/c++/9/bits/char_traits.h
FN:336,_ZNSt11char_traitsIcE6lengthEPKc
FNDA:0,_ZNSt11char_traitsIcE6lengthEPKc
FN:368,_ZNSt11char_traitsIcE4copyEPcPKcm
FNDA:0,_ZNSt11char_traitsIcE4copyEPcPKcm
DA:336,0
DA:342,0
DA:368,0
DA:370,0
DA:371,0
DA:372,0
end_of_record
SF:/usr/include/c++/9/bits/alloc_traits.h
FN:442,_ZNSt16allocator_traitsISaISt10shared_ptrIN7testing8internal15ExpectationBaseEEEE8allocateERS5_m
FNDA:9,_ZNSt16allocator_traitsISaISt10shared_ptrIN7testing8internal15ExpectationBaseEEEE8allocateERS5_m
FN:442,_ZNSt16allocator_traitsISaIPKvEE8allocateERS2_m
FNDA:9,_ZNSt16allocator_traitsISaIPKvEE8allocateERS2_m
FN:442,_ZNSt16allocator_traitsISaISt23_Sp_counted_ptr_inplaceIN7testing10OnceActionIFiiiiEEESaIS4_ELN9__gnu_cxx12_Lock_policyE2EEEE8allocateERS9_m
FNDA:5,_ZNSt16allocator_traitsISaISt23_Sp_counted_ptr_inplaceIN7testing10OnceActionIFiiiiEEESaIS4_ELN9__gnu_cxx12_Lock_policyE2EEEE8allocateERS9_m
FN:442,_ZNSt16allocator_traitsISaISt23_Sp_counted_ptr_inplaceIN7testing10OnceActionIFiiEE23IgnoreIncomingArgumentsINS1_8internal12ReturnActionIiE4ImplIiEEEESaISB_ELN9__gnu_cxx12_Lock_policyE2EEEE8allocateERSG_m
FNDA:4,_ZNSt16allocator_traitsISaISt23_Sp_counted_ptr_inplaceIN7testing10OnceActionIFiiEE23IgnoreIncomingArgumentsINS1_8internal12ReturnActionIiE4ImplIiEEEESaISB_ELN9__gnu_cxx12_Lock_policyE2EEEE8allocateERSG_m
FN:442,_ZNSt16allocator_traitsISaISt23_Sp_counted_ptr_inplaceIN7testing10OnceActionIFiiEEESaIS4_ELN9__gnu_cxx12_Lock_policyE2EEEE8allocateERS9_m
FNDA:4,_ZNSt16allocator_traitsISaISt23_Sp_counted_ptr_inplaceIN7testing10OnceActionIFiiEEESaIS4_ELN9__gnu_cxx12_Lock_policyE2EEEE8allocateERS9_m
FN:442,_ZNSt16allocator_traitsISaISt23_Sp_counted_ptr_inplaceIN7testing10OnceActionIFiiiiEE23IgnoreIncomingArgumentsINS1_8internal12ReturnActionIiE4ImplIiEEEESaISB_ELN9__gnu_cxx12_Lock_policyE2EEEE8allocateERSG_m
FNDA:5,_ZNSt16allocator_traitsISaISt23_Sp_counted_ptr_inplaceIN7testing10OnceActionIFiiiiEE23IgnoreIncomingArgumentsINS1_8internal12ReturnActionIiE4ImplIiEEEESaISB_ELN9__gnu_cxx12_Lock_policyE2EEEE8allocateERSG_m
FN:468,_ZNSt16allocator_traitsISaIPKvEE10deallocateERS2_PS1_m
FNDA:9,_ZNSt16allocator_traitsISaIPKvEE10deallocateERS2_PS1_m
FN:468,_ZNSt16allocator_traitsISaISt10shared_ptrIN7testing8internal15ExpectationBaseEEEE10deallocateERS5_PS4_m
FNDA:9,_ZNSt16allocator_traitsISaISt10shared_ptrIN7testing8internal15ExpectationBaseEEEE10deallocateERS5_PS4_m
FN:468,_ZNSt16allocator_traitsISaISt23_Sp_counted_ptr_inplaceIN7testing10OnceActionIFiiiiEEESaIS4_ELN9__gnu_cxx12_Lock_policyE2EEEE10deallocateERS9_PS8_m
FNDA:5,_ZNSt16allocator_traitsISaISt23_Sp_counted_ptr_inplaceIN7testing10OnceActionIFiiiiEEESaIS4_ELN9__gnu_cxx12_Lock_policyE2EEEE10deallocateERS9_PS8_m
FN:468,_ZNSt16allocator_traitsISaISt23_Sp_counted_ptr_inplaceIN7testing10OnceActionIFiiEEESaIS4_ELN9__gnu_cxx12_Lock_policyE2EEEE10deallocateERS9_PS8_m
FNDA:4,_ZNSt16allocator_traitsISaISt23_Sp_counted_ptr_inplaceIN7testing10OnceActionIFiiEEESaIS4_ELN9__gnu_cxx12_Lock_policyE2EEEE10deallocateERS9_PS8_m
FN:468,_ZNSt16allocator_traitsISaISt23_Sp_counted_ptr_inplaceIN7testing10OnceActionIFiiiiEE23IgnoreIncomingArgumentsINS1_8internal12ReturnActionIiE4ImplIiEEEESaISB_ELN9__gnu_cxx12_Lock_policyE2EEEE10deallocateERSG_PSF_m
FNDA:5,_ZNSt16allocator_traitsISaISt23_Sp_counted_ptr_inplaceIN7testing10OnceActionIFiiiiEE23IgnoreIncomingArgumentsINS1_8internal12ReturnActionIiE4ImplIiEEEESaISB_ELN9__gnu_cxx12_Lock_policyE2EEEE10deallocateERSG_PSF_m
FN:468,_ZNSt16allocator_traitsISaISt23_Sp_counted_ptr_inplaceIN7testing10OnceActionIFiiEE23IgnoreIncomingArgumentsINS1_8internal12ReturnActionIiE4ImplIiEEEESaISB_ELN9__gnu_cxx12_Lock_policyE2EEEE10deallocateERSG_PSF_m
FNDA:4,_ZNSt16allocator_traitsISaISt23_Sp_counted_ptr_inplaceIN7testing10OnceActionIFiiEE23IgnoreIncomingArgumentsINS1_8internal12ReturnActionIiE4ImplIiEEEESaISB_ELN9__gnu_cxx12_Lock_policyE2EEEE10deallocateERSG_PSF_m
FN:468,_ZNSt16allocator_traitsISaISt13_Rb_tree_nodeIN7testing11ExpectationEEEE10deallocateERS4_PS3_m
FNDA:0,_ZNSt16allocator_traitsISaISt13_Rb_tree_nodeIN7testing11ExpectationEEEE10deallocateERS4_PS3_m
FN:481,_ZNSt16allocator_traitsISaISt10shared_ptrIN7testing8internal15ExpectationBaseEEEE9constructIS4_JS4_EEEvRS5_PT_DpOT0_
FNDA:0,_ZNSt16allocator_traitsISaISt10shared_ptrIN7testing8internal15ExpectationBaseEEEE9constructIS4_JS4_EEEvRS5_PT_DpOT0_
FN:481,_ZNSt16allocator_traitsISaIN7testing10OnceActionIFiiEEEEE9constructIS3_JS3_EEEvRS4_PT_DpOT0_
FNDA:4,_ZNSt16allocator_traitsISaIN7testing10OnceActionIFiiEEEEE9constructIS3_JS3_EEEvRS4_PT_DpOT0_
FN:481,_ZNSt16allocator_traitsISaIN7testing10OnceActionIFiiiiEE23IgnoreIncomingArgumentsINS0_8internal12ReturnActionIiE4ImplIiEEEEEE9constructISA_JSA_EEEvRSB_PT_DpOT0_
FNDA:5,_ZNSt16allocator_traitsISaIN7testing10OnceActionIFiiiiEE23IgnoreIncomingArgumentsINS0_8internal12ReturnActionIiE4ImplIiEEEEEE9constructISA_JSA_EEEvRSB_PT_DpOT0_
FN:481,_ZNSt16allocator_traitsISaIN7testing10OnceActionIFiiiiEEEEE9constructIS3_JS3_EEEvRS4_PT_DpOT0_
FNDA:5,_ZNSt16allocator_traitsISaIN7testing10OnceActionIFiiiiEEEEE9constructIS3_JS3_EEEvRS4_PT_DpOT0_
FN:481,_ZNSt16allocator_traitsISaIN7testing10OnceActionIFiiEE23IgnoreIncomingArgumentsINS0_8internal12ReturnActionIiE4ImplIiEEEEEE9constructISA_JSA_EEEvRSB_PT_DpOT0_
FNDA:4,_ZNSt16allocator_traitsISaIN7testing10OnceActionIFiiEE23IgnoreIncomingArgumentsINS0_8internal12ReturnActionIiE4ImplIiEEEEEE9constructISA_JSA_EEEvRSB_PT_DpOT0_
FN:481,_ZNSt16allocator_traitsISaIPKvEE9constructIS1_JS1_EEEvRS2_PT_DpOT0_
FNDA:9,_ZNSt16allocator_traitsISaIPKvEE9constructIS1_JS1_EEEvRS2_PT_DpOT0_
FN:481,_ZNSt16allocator_traitsISaISt10shared_ptrIN7testing8internal15ExpectationBaseEEEE9constructIS4_JRKS4_EEEvRS5_PT_DpOT0_
FNDA:9,_ZNSt16allocator_traitsISaISt10shared_ptrIN7testing8internal15ExpectationBaseEEEE9constructIS4_JRKS4_EEEvRS5_PT_DpOT0_
FN:494,_ZNSt16allocator_traitsISaIN7testing10OnceActionIFiiEEEEE7destroyIS3_EEvRS4_PT_
FNDA:4,_ZNSt16allocator_traitsISaIN7testing10OnceActionIFiiEEEEE7destroyIS3_EEvRS4_PT_
FN:494,_ZNSt16allocator_traitsISaISt10shared_ptrIN7testing8internal15ExpectationBaseEEEE7destroyIS4_EEvRS5_PT_
FNDA:0,_ZNSt16allocator_traitsISaISt10shared_ptrIN7testing8internal15ExpectationBaseEEEE7destroyIS4_EEvRS5_PT_
FN:494,_ZNSt16allocator_traitsISaISt13_Rb_tree_nodeIN7testing11ExpectationEEEE7destroyIS2_EEvRS4_PT_
FNDA:0,_ZNSt16allocator_traitsISaISt13_Rb_tree_nodeIN7testing11ExpectationEEEE7destroyIS2_EEvRS4_PT_
FN:494,_ZNSt16allocator_traitsISaIPKvEE7destroyIS1_EEvRS2_PT_
FNDA:0,_ZNSt16allocator_traitsISaIPKvEE7destroyIS1_EEvRS2_PT_
FN:494,_ZNSt16allocator_traitsISaIN7testing10OnceActionIFiiEE23IgnoreIncomingArgumentsINS0_8internal12ReturnActionIiE4ImplIiEEEEEE7destroyISA_EEvRSB_PT_
FNDA:4,_ZNSt16allocator_traitsISaIN7testing10OnceActionIFiiEE23IgnoreIncomingArgumentsINS0_8internal12ReturnActionIiE4ImplIiEEEEEE7destroyISA_EEvRSB_PT_
FN:494,_ZNSt16allocator_traitsISaIN7testing10OnceActionIFiiiiEE23IgnoreIncomingArgumentsINS0_8internal12ReturnActionIiE4ImplIiEEEEEE7destroyISA_EEvRSB_PT_
FNDA:5,_ZNSt16allocator_traitsISaIN7testing10OnceActionIFiiiiEE23IgnoreIncomingArgumentsINS0_8internal12ReturnActionIiE4ImplIiEEEEEE7destroyISA_EEvRSB_PT_
FN:494,_ZNSt16allocator_traitsISaIN7testing10OnceActionIFiiiiEEEEE7destroyIS3_EEvRS4_PT_
FNDA:5,_ZNSt16allocator_traitsISaIN7testing10OnceActionIFiiiiEEEEE7destroyIS3_EEvRS4_PT_
FN:504,_ZNSt16allocator_traitsISaISt10shared_ptrIN7testing8internal15ExpectationBaseEEEE8max_sizeERKS5_
FNDA:18,_ZNSt16allocator_traitsISaISt10shared_ptrIN7testing8internal15ExpectationBaseEEEE8max_sizeERKS5_
FN:504,_ZNSt16allocator_traitsISaIPKvEE8max_sizeERKS2_
FNDA:18,_ZNSt16allocator_traitsISaIPKvEE8max_sizeERKS2_
FN:513,_ZNSt16allocator_traitsISaIcEE37select_on_container_copy_constructionERKS0_
FNDA:0,_ZNSt16allocator_traitsISaIcEE37select_on_container_copy_constructionERKS0_
FN:567,_ZSt18__do_alloc_on_swapISaIPKvEEvRT_S4_St17integral_constantIbLb0EE
FNDA:10,_ZSt18__do_alloc_on_swapISaIPKvEEvRT_S4_St17integral_constantIbLb0EE
FN:571,_ZSt15__alloc_on_swapISaIPKvEEvRT_S4_
FNDA:10,_ZSt15__alloc_on_swapISaIPKvEEvRT_S4_
DA:442,4
DA:443,4
DA:442,5
DA:443,5
DA:442,4
DA:443,4
DA:442,5
DA:443,5
DA:442,9
DA:443,9
DA:442,9
DA:443,9
DA:468,4
DA:469,4
DA:468,5
DA:469,5
DA:468,4
DA:469,4
DA:468,5
DA:469,5
DA:468,9
DA:469,9
DA:468,9
DA:469,9
DA:468,0
DA:469,0
DA:481,4
DA:483,4
DA:481,5
DA:483,5
DA:481,0
DA:483,0
DA:481,4
DA:483,4
DA:481,5
DA:483,5
DA:481,9
DA:483,9
DA:481,9
DA:483,9
DA:494,5
DA:496,5
DA:494,4
DA:496,4
DA:494,5
DA:496,5
DA:494,4
DA:496,4
DA:494,0
DA:496,0
DA:494,0
DA:496,0
DA:494,0
DA:496,0
DA:504,18
DA:505,18
DA:504,18
DA:505,18
DA:513,0
DA:514,0
DA:567,10
DA:568,10
DA:571,10
DA:575,10
DA:576,10
end_of_record
SF:/usr/include/c++/9/bits/stl_algobase.h
FN:198,_ZSt3minImERKT_S2_S2_
FNDA:310,_ZSt3minImERKT_S2_S2_
FN:222,_ZSt3maxImERKT_S2_S2_
FNDA:137,_ZSt3maxImERKT_S2_S2_
FN:280,_ZSt12__niter_baseIPPKvET_S3_
FNDA:54,_ZSt12__niter_baseIPPKvET_S3_
FN:280,_ZSt12__niter_baseIPSt10shared_ptrIN7testing8internal15ExpectationBaseEEET_S6_
FNDA:54,_ZSt12__niter_baseIPSt10shared_ptrIN7testing8internal15ExpectationBaseEEET_S6_
FN:295,_ZSt12__niter_wrapIPPKvET_RKS3_S3_
FNDA:0,_ZSt12__niter_wrapIPPKvET_RKS3_S3_
FN:375,_ZNSt11__copy_moveILb1ELb1ESt26random_access_iterator_tagE8__copy_mIPKvEEPT_PKS5_S8_S6_
FNDA:0,_ZNSt11__copy_moveILb1ELb1ESt26random_access_iterator_tagE8__copy_mIPKvEEPT_PKS5_S8_S6_
FN:393,_ZSt13__copy_move_aILb1EPPKvS2_ET1_T0_S4_S3_
FNDA:0,_ZSt13__copy_move_aILb1EPPKvS2_ET1_T0_S4_S3_
FN:438,_ZSt14__copy_move_a2ILb1EPPKvS2_ET1_T0_S4_S3_
FNDA:0,_ZSt14__copy_move_a2ILb1EPPKvS2_ET1_T0_S4_S3_
FN:465,_ZSt4copyISt13move_iteratorIPPKvES3_ET0_T_S6_S5_
FNDA:0,_ZSt4copyISt13move_iteratorIPPKvES3_ET0_T_S6_S5_
DA:198,310
DA:203,310
DA:204,0
DA:205,310
DA:222,137
DA:227,137
DA:228,78
DA:229,59
DA:280,54
DA:282,54
DA:280,54
DA:282,54
DA:295,0
DA:296,0
DA:375,0
DA:384,0
DA:385,0
DA:386,0
DA:387,0
DA:393,0
DA:398,0
DA:404,0
DA:438,0
DA:440,0
DA:443,0
DA:465,0
DA:474,0
end_of_record
SF:/usr/include/c++/9/ext/atomicity.h
FN:48,_ZN9__gnu_cxxL18__exchange_and_addEPVii
FNDA:153,_ZN9__gnu_cxxL18__exchange_and_addEPVii
FN:52,_ZN9__gnu_cxxL12__atomic_addEPVii
FNDA:45,_ZN9__gnu_cxxL12__atomic_addEPVii
FN:65,_ZN9__gnu_cxxL25__exchange_and_add_singleEPii
FNDA:0,_ZN9__gnu_cxxL25__exchange_and_add_singleEPii
FN:73,_ZN9__gnu_cxxL19__atomic_add_singleEPii
FNDA:0,_ZN9__gnu_cxxL19__atomic_add_singleEPii
FN:78,_ZN9__gnu_cxxL27__exchange_and_add_dispatchEPii
FNDA:153,_ZN9__gnu_cxxL27__exchange_and_add_dispatchEPii
FN:92,_ZN9__gnu_cxxL21__atomic_add_dispatchEPii
FNDA:45,_ZN9__gnu_cxxL21__atomic_add_dispatchEPii
DA:48,153
DA:49,153
DA:52,45
DA:53,45
DA:65,0
DA:67,0
DA:68,0
DA:69,0
DA:73,0
DA:74,0
DA:78,153
DA:81,153
DA:82,153
DA:84,0
DA:92,45
DA:95,45
DA:96,45
DA:98,0
DA:102,45
end_of_record
SF:/usr/include/c++/9/ext/alloc_traits.h
FN:97,_ZN9__gnu_cxx14__alloc_traitsISaIcEcE17_S_select_on_copyERKS1_
FNDA:0,_ZN9__gnu_cxx14__alloc_traitsISaIcEcE17_S_select_on_copyERKS1_
FN:100,_ZN9__gnu_cxx14__alloc_traitsISaIPKvES2_E10_S_on_swapERS3_S5_
FNDA:10,_ZN9__gnu_cxx14__alloc_traitsISaIPKvES2_E10_S_on_swapERS3_S5_
DA:97,0
DA:98,0
DA:100,10
DA:101,10
end_of_record
SF:/usr/include/c++/9/bits/shared_ptr_base.h
FN:117,_ZNSt16_Sp_counted_baseILN9__gnu_cxx12_Lock_policyE2EEC2Ev
FNDA:54,_ZNSt16_Sp_counted_baseILN9__gnu_cxx12_Lock_policyE2EEC2Ev
FN:121,_ZNSt16_Sp_counted_baseILN9__gnu_cxx12_Lock_policyE2EED0Ev
FNDA:0,_ZNSt16_Sp_counted_baseILN9__gnu_cxx12_Lock_policyE2EED0Ev
FN:121,_ZNSt16_Sp_counted_baseILN9__gnu_cxx12_Lock_policyE2EED2Ev
FNDA:54,_ZNSt16_Sp_counted_baseILN9__gnu_cxx12_Lock_policyE2EED2Ev
FN:131,_ZNSt16_Sp_counted_baseILN9__gnu_cxx12_Lock_policyE2EE10_M_destroyEv
FNDA:0,_ZNSt16_Sp_counted_baseILN9__gnu_cxx12_Lock_policyE2EE10_M_destroyEv
FN:138,_ZNSt16_Sp_counted_baseILN9__gnu_cxx12_Lock_policyE2EE15_M_add_ref_copyEv
FNDA:45,_ZNSt16_Sp_counted_baseILN9__gnu_cxx12_Lock_policyE2EE15_M_add_ref_copyEv
FN:148,_ZNSt16_Sp_counted_baseILN9__gnu_cxx12_Lock_policyE2EE10_M_releaseEv
FNDA:99,_ZNSt16_Sp_counted_baseILN9__gnu_cxx12_Lock_policyE2EE10_M_releaseEv
FN:372,_ZNSt15_Sp_counted_ptrIPN7testing8internal12ReturnActionIiE4ImplIiE5StateELN9__gnu_cxx12_Lock_policyE2EEC2ES7_
FNDA:9,_ZNSt15_Sp_counted_ptrIPN7testing8internal12ReturnActionIiE4ImplIiE5StateELN9__gnu_cxx12_Lock_policyE2EEC2ES7_
FN:372,_ZNSt15_Sp_counted_ptrIPN7testing8internal16TypedExpectationIFiiiiEEELN9__gnu_cxx12_Lock_policyE2EEC2ES5_
FNDA:5,_ZNSt15_Sp_counted_ptrIPN7testing8internal16TypedExpectationIFiiiiEEELN9__gnu_cxx12_Lock_policyE2EEC2ES5_
FN:372,_ZNSt15_Sp_counted_ptrIPN7testing8internal16TypedExpectationIFiiEEELN9__gnu_cxx12_Lock_policyE2EEC2ES5_
FNDA:4,_ZNSt15_Sp_counted_ptrIPN7testing8internal16TypedExpectationIFiiEEELN9__gnu_cxx12_Lock_policyE2EEC2ES5_
FN:376,_ZNSt15_Sp_counted_ptrIPN7testing8internal16TypedExpectationIFiiiiEEELN9__gnu_cxx12_Lock_policyE2EE10_M_disposeEv
FNDA:5,_ZNSt15_Sp_counted_ptrIPN7testing8internal16TypedExpectationIFiiiiEEELN9__gnu_cxx12_Lock_policyE2EE10_M_disposeEv
FN:376,_ZNSt15_Sp_counted_ptrIPN7testing8internal12ReturnActionIiE4ImplIiE5StateELN9__gnu_cxx12_Lock_policyE2EE10_M_disposeEv
FNDA:9,_ZNSt15_Sp_counted_ptrIPN7testing8internal12ReturnActionIiE4ImplIiE5StateELN9__gnu_cxx12_Lock_policyE2EE10_M_disposeEv
FN:376,_ZNSt15_Sp_counted_ptrIPN7testing8internal16TypedExpectationIFiiEEELN9__gnu_cxx12_Lock_policyE2EE10_M_disposeEv
FNDA:4,_ZNSt15_Sp_counted_ptrIPN7testing8internal16TypedExpectationIFiiEEELN9__gnu_cxx12_Lock_policyE2EE10_M_disposeEv
FN:380,_ZNSt15_Sp_counted_ptrIPN7testing8internal16TypedExpectationIFiiiiEEELN9__gnu_cxx12_Lock_policyE2EE10_M_destroyEv
FNDA:5,_ZNSt15_Sp_counted_ptrIPN7testing8internal16TypedExpectationIFiiiiEEELN9__gnu_cxx12_Lock_policyE2EE10_M_destroyEv
FN:380,_ZNSt15_Sp_counted_ptrIPN7testing8internal12ReturnActionIiE4ImplIiE5StateELN9__gnu_cxx12_Lock_policyE2EE10_M_destroyEv
FNDA:9,_ZNSt15_Sp_counted_ptrIPN7testing8internal12ReturnActionIiE4ImplIiE5StateELN9__gnu_cxx12_Lock_policyE2EE10_M_destroyEv
FN:380,_ZNSt15_Sp_counted_ptrIPN7testing8internal16TypedExpectationIFiiEEELN9__gnu_cxx12_Lock_policyE2EE10_M_destroyEv
FNDA:4,_ZNSt15_Sp_counted_ptrIPN7testing8internal16TypedExpectationIFiiEEELN9__gnu_cxx12_Lock_policyE2EE10_M_destroyEv
FN:384,_ZNSt15_Sp_counted_ptrIPN7testing8internal12ReturnActionIiE4ImplIiE5StateELN9__gnu_cxx12_Lock_policyE2EE14_M_get_deleterERKSt9type_info
FNDA:0,_ZNSt15_Sp_counted_ptrIPN7testing8internal12ReturnActionIiE4ImplIiE5StateELN9__gnu_cxx12_Lock_policyE2EE14_M_get_deleterERKSt9type_info
FN:384,_ZNSt15_Sp_counted_ptrIPN7testing8internal16TypedExpectationIFiiEEELN9__gnu_cxx12_Lock_policyE2EE14_M_get_deleterERKSt9type_info
FNDA:0,_ZNSt15_Sp_counted_ptrIPN7testing8internal16TypedExpectationIFiiEEELN9__gnu_cxx12_Lock_policyE2EE14_M_get_deleterERKSt9type_info
FN:384,_ZNSt15_Sp_counted_ptrIPN7testing8internal16TypedExpectationIFiiiiEEELN9__gnu_cxx12_Lock_policyE2EE14_M_get_deleterERKSt9type_info
FNDA:0,_ZNSt15_Sp_counted_ptrIPN7testing8internal16TypedExpectationIFiiiiEEELN9__gnu_cxx12_Lock_policyE2EE14_M_get_deleterERKSt9type_info
FN:414,_ZNSt14_Sp_ebo_helperILi0ESaIN7testing10OnceActionIFiiEE23IgnoreIncomingArgumentsINS0_8internal12ReturnActionIiE4ImplIiEEEEELb1EEC2ERKSB_
FNDA:4,_ZNSt14_Sp_ebo_helperILi0ESaIN7testing10OnceActionIFiiEE23IgnoreIncomingArgumentsINS0_8internal12ReturnActionIiE4ImplIiEEEEELb1EEC2ERKSB_
FN:414,_ZNSt14_Sp_ebo_helperILi0ESaIN7testing10OnceActionIFiiiiEEEELb1EEC2ERKS4_
FNDA:5,_ZNSt14_Sp_ebo_helperILi0ESaIN7testing10OnceActionIFiiiiEEEELb1EEC2ERKS4_
FN:414,_ZNSt14_Sp_ebo_helperILi0ESaIN7testing10OnceActionIFiiEEEELb1EEC2ERKS4_
FNDA:4,_ZNSt14_Sp_ebo_helperILi0ESaIN7testing10OnceActionIFiiEEEELb1EEC2ERKS4_
FN:414,_ZNSt14_Sp_ebo_helperILi0ESaIN7testing10OnceActionIFiiiiEE23IgnoreIncomingArgumentsINS0_8internal12ReturnActionIiE4ImplIiEEEEELb1EEC2ERKSB_
FNDA:5,_ZNSt14_Sp_ebo_helperILi0ESaIN7testing10OnceActionIFiiiiEE23IgnoreIncomingArgumentsINS0_8internal12ReturnActionIiE4ImplIiEEEEELb1EEC2ERKSB_
FN:418,_ZNSt14_Sp_ebo_helperILi0ESaIN7testing10OnceActionIFiiiiEEEELb1EE6_S_getERS5_
FNDA:10,_ZNSt14_Sp_ebo_helperILi0ESaIN7testing10OnceActionIFiiiiEEEELb1EE6_S_getERS5_
FN:418,_ZNSt14_Sp_ebo_helperILi0ESaIN7testing10OnceActionIFiiEE23IgnoreIncomingArgumentsINS0_8internal12ReturnActionIiE4ImplIiEEEEELb1EE6_S_getERSC_
FNDA:8,_ZNSt14_Sp_ebo_helperILi0ESaIN7testing10OnceActionIFiiEE23IgnoreIncomingArgumentsINS0_8internal12ReturnActionIiE4ImplIiEEEEELb1EE6_S_getERSC_
FN:418,_ZNSt14_Sp_ebo_helperILi0ESaIN7testing10OnceActionIFiiiiEE23IgnoreIncomingArgumentsINS0_8internal12ReturnActionIiE4ImplIiEEEEELb1EE6_S_getERSC_
FNDA:10,_ZNSt14_Sp_ebo_helperILi0ESaIN7testing10OnceActionIFiiiiEE23IgnoreIncomingArgumentsINS0_8internal12ReturnActionIiE4ImplIiEEEEELb1EE6_S_getERSC_
FN:418,_ZNSt14_Sp_ebo_helperILi0ESaIN7testing10OnceActionIFiiEEEELb1EE6_S_getERS5_
FNDA:8,_ZNSt14_Sp_ebo_helperILi0ESaIN7testing10OnceActionIFiiEEEELb1EE6_S_getERS5_
FN:508,_ZNSt19_Sp_make_shared_tag5_S_tiEv
FNDA:0,_ZNSt19_Sp_make_shared_tag5_S_tiEv
FN:531,_ZNSt23_Sp_counted_ptr_inplaceIN7testing10OnceActionIFiiiiEEESaIS3_ELN9__gnu_cxx12_Lock_policyE2EE5_ImplC2ES4_
FNDA:5,_ZNSt23_Sp_counted_ptr_inplaceIN7testing10OnceActionIFiiiiEEESaIS3_ELN9__gnu_cxx12_Lock_policyE2EE5_ImplC2ES4_
FN:531,_ZNSt23_Sp_counted_ptr_inplaceIN7testing10OnceActionIFiiEEESaIS3_ELN9__gnu_cxx12_Lock_policyE2EE5_ImplC2ES4_
FNDA:4,_ZNSt23_Sp_counted_ptr_inplaceIN7testing10OnceActionIFiiEEESaIS3_ELN9__gnu_cxx12_Lock_policyE2EE5_ImplC2ES4_
FN:531,_ZNSt23_Sp_counted_ptr_inplaceIN7testing10OnceActionIFiiEE23IgnoreIncomingArgumentsINS0_8internal12ReturnActionIiE4ImplIiEEEESaISA_ELN9__gnu_cxx12_Lock_policyE2EE5_ImplC2ESB_
FNDA:4,_ZNSt23_Sp_counted_ptr_inplaceIN7testing10OnceActionIFiiEE23IgnoreIncomingArgumentsINS0_8internal12ReturnActionIiE4ImplIiEEEESaISA_ELN9__gnu_cxx12_Lock_policyE2EE5_ImplC2ESB_
FN:531,_ZNSt23_Sp_counted_ptr_inplaceIN7testing10OnceActionIFiiiiEE23IgnoreIncomingArgumentsINS0_8internal12ReturnActionIiE4ImplIiEEEESaISA_ELN9__gnu_cxx12_Lock_policyE2EE5_ImplC2ESB_
FNDA:5,_ZNSt23_Sp_counted_ptr_inplaceIN7testing10OnceActionIFiiiiEE23IgnoreIncomingArgumentsINS0_8internal12ReturnActionIiE4ImplIiEEEESaISA_ELN9__gnu_cxx12_Lock_policyE2EE5_ImplC2ESB_
FN:533,_ZNSt23_Sp_counted_ptr_inplaceIN7testing10OnceActionIFiiiiEEESaIS3_ELN9__gnu_cxx12_Lock_policyE2EE5_Impl8_M_allocEv
FNDA:10,_ZNSt23_Sp_counted_ptr_inplaceIN7testing10OnceActionIFiiiiEEESaIS3_ELN9__gnu_cxx12_Lock_policyE2EE5_Impl8_M_allocEv
FN:533,_ZNSt23_Sp_counted_ptr_inplaceIN7testing10OnceActionIFiiEEESaIS3_ELN9__gnu_cxx12_Lock_policyE2EE5_Impl8_M_allocEv
FNDA:8,_ZNSt23_Sp_counted_ptr_inplaceIN7testing10OnceActionIFiiEEESaIS3_ELN9__gnu_cxx12_Lock_policyE2EE5_Impl8_M_allocEv
FN:533,_ZNSt23_Sp_counted_ptr_inplaceIN7testing10OnceActionIFiiiiEE23IgnoreIncomingArgumentsINS0_8internal12ReturnActionIiE4ImplIiEEEESaISA_ELN9__gnu_cxx12_Lock_policyE2EE5_Impl8_M_allocEv
FNDA:10,_ZNSt23_Sp_counted_ptr_inplaceIN7testing10OnceActionIFiiiiEE23IgnoreIncomingArgumentsINS0_8internal12ReturnActionIiE4ImplIiEEEESaISA_ELN9__gnu_cxx12_Lock_policyE2EE5_Impl8_M_allocEv
FN:533,_ZNSt23_Sp_counted_ptr_inplaceIN7testing10OnceActionIFiiEE23IgnoreIncomingArgumentsINS0_8internal12ReturnActionIiE4ImplIiEEEESaISA_ELN9__gnu_cxx12_Lock_policyE2EE5_Impl8_M_allocEv
FNDA:8,_ZNSt23_Sp_counted_ptr_inplaceIN7testing10OnceActionIFiiEE23IgnoreIncomingArgumentsINS0_8internal12ReturnActionIiE4ImplIiEEEESaISA_ELN9__gnu_cxx12_Lock_policyE2EE5_Impl8_M_allocEv
FN:543,_ZNSt23_Sp_counted_ptr_inplaceIN7testing10OnceActionIFiiiiEEESaIS3_ELN9__gnu_cxx12_Lock_policyE2EEC2IJS3_EEES4_DpOT_
FNDA:5,_ZNSt23_Sp_counted_ptr_inplaceIN7testing10OnceActionIFiiiiEEESaIS3_ELN9__gnu_cxx12_Lock_policyE2EEC2IJS3_EEES4_DpOT_
FN:543,_ZNSt23_Sp_counted_ptr_inplaceIN7testing10OnceActionIFiiEEESaIS3_ELN9__gnu_cxx12_Lock_policyE2EEC2IJS3_EEES4_DpOT_
FNDA:4,_ZNSt23_Sp_counted_ptr_inplaceIN7testing10OnceActionIFiiEEESaIS3_ELN9__gnu_cxx12_Lock_policyE2EEC2IJS3_EEES4_DpOT_
FN:543,_ZNSt23_Sp_counted_ptr_inplaceIN7testing10OnceActionIFiiiiEE23IgnoreIncomingArgumentsINS0_8internal12ReturnActionIiE4ImplIiEEEESaISA_ELN9__gnu_cxx12_Lock_policyE2EEC2IJSA_EEESB_DpOT_
FNDA:5,_ZNSt23_Sp_counted_ptr_inplaceIN7testing10OnceActionIFiiiiEE23IgnoreIncomingArgumentsINS0_8internal12ReturnActionIiE4ImplIiEEEESaISA_ELN9__gnu_cxx12_Lock_policyE2EEC2IJSA_EEESB_DpOT_
FN:543,_ZNSt23_Sp_counted_ptr_inplaceIN7testing10OnceActionIFiiEE23IgnoreIncomingArgumentsINS0_8internal12ReturnActionIiE4ImplIiEEEESaISA_ELN9__gnu_cxx12_Lock_policyE2EEC2IJSA_EEESB_DpOT_
FNDA:4,_ZNSt23_Sp_counted_ptr_inplaceIN7testing10OnceActionIFiiEE23IgnoreIncomingArgumentsINS0_8internal12ReturnActionIiE4ImplIiEEEESaISA_ELN9__gnu_cxx12_Lock_policyE2EEC2IJSA_EEESB_DpOT_
FN:552,_ZNSt23_Sp_counted_ptr_inplaceIN7testing10OnceActionIFiiiiEEESaIS3_ELN9__gnu_cxx12_Lock_policyE2EED2Ev
FNDA:5,_ZNSt23_Sp_counted_ptr_inplaceIN7testing10OnceActionIFiiiiEEESaIS3_ELN9__gnu_cxx12_Lock_policyE2EED2Ev
FN:552,_ZNSt23_Sp_counted_ptr_inplaceIN7testing10OnceActionIFiiiiEEESaIS3_ELN9__gnu_cxx12_Lock_policyE2EED0Ev
FNDA:0,_ZNSt23_Sp_counted_ptr_inplaceIN7testing10OnceActionIFiiiiEEESaIS3_ELN9__gnu_cxx12_Lock_policyE2EED0Ev
FN:552,_ZNSt23_Sp_counted_ptr_inplaceIN7testing10OnceActionIFiiEE23IgnoreIncomingArgumentsINS0_8internal12ReturnActionIiE4ImplIiEEEESaISA_ELN9__gnu_cxx12_Lock_policyE2EED0Ev
FNDA:0,_ZNSt23_Sp_counted_ptr_inplaceIN7testing10OnceActionIFiiEE23IgnoreIncomingArgumentsINS0_8internal12ReturnActionIiE4ImplIiEEEESaISA_ELN9__gnu_cxx12_Lock_policyE2EED0Ev
FN:552,_ZNSt23_Sp_counted_ptr_inplaceIN7testing10OnceActionIFiiEEESaIS3_ELN9__gnu_cxx12_Lock_policyE2EED0Ev
FNDA:0,_ZNSt23_Sp_counted_ptr_inplaceIN7testing10OnceActionIFiiEEESaIS3_ELN9__gnu_cxx12_Lock_policyE2EED0Ev
FN:552,_ZNSt23_Sp_counted_ptr_inplaceIN7testing10OnceActionIFiiiiEE23IgnoreIncomingArgumentsINS0_8internal12ReturnActionIiE4ImplIiEEEESaISA_ELN9__gnu_cxx12_Lock_policyE2EED0Ev
FNDA:0,_ZNSt23_Sp_counted_ptr_inplaceIN7testing10OnceActionIFiiiiEE23IgnoreIncomingArgumentsINS0_8internal12ReturnActionIiE4ImplIiEEEESaISA_ELN9__gnu_cxx12_Lock_policyE2EED0Ev
FN:552,_ZNSt23_Sp_counted_ptr_inplaceIN7testing10OnceActionIFiiEE23IgnoreIncomingArgumentsINS0_8internal12ReturnActionIiE4ImplIiEEEESaISA_ELN9__gnu_cxx12_Lock_policyE2EED2Ev
FNDA:4,_ZNSt23_Sp_counted_ptr_inplaceIN7testing10OnceActionIFiiEE23IgnoreIncomingArgumentsINS0_8internal12ReturnActionIiE4ImplIiEEEESaISA_ELN9__gnu_cxx12_Lock_policyE2EED2Ev
FN:552,_ZNSt23_Sp_counted_ptr_inplaceIN7testing10OnceActionIFiiEEESaIS3_ELN9__gnu_cxx12_Lock_policyE2EED2Ev
FNDA:4,_ZNSt23_Sp_counted_ptr_inplaceIN7testing10OnceActionIFiiEEESaIS3_ELN9__gnu_cxx12_Lock_policyE2EED2Ev
FN:552,_ZNSt23_Sp_counted_ptr_inplaceIN7testing10OnceActionIFiiiiEE23IgnoreIncomingArgumentsINS0_8internal12ReturnActionIiE4ImplIiEEEESaISA_ELN9__gnu_cxx12_Lock_policyE2EED2Ev
FNDA:5,_ZNSt23_Sp_counted_ptr_inplaceIN7testing10OnceActionIFiiiiEE23IgnoreIncomingArgumentsINS0_8internal12ReturnActionIiE4ImplIiEEEESaISA_ELN9__gnu_cxx12_Lock_policyE2EED2Ev
FN:555,_ZNSt23_Sp_counted_ptr_inplaceIN7testing10OnceActionIFiiEE23IgnoreIncomingArgumentsINS0_8internal12ReturnActionIiE4ImplIiEEEESaISA_ELN9__gnu_cxx12_Lock_policyE2EE10_M_disposeEv
FNDA:4,_ZNSt23_Sp_counted_ptr_inplaceIN7testing10OnceActionIFiiEE23IgnoreIncomingArgumentsINS0_8internal12ReturnActionIiE4ImplIiEEEESaISA_ELN9__gnu_cxx12_Lock_policyE2EE10_M_disposeEv
FN:555,_ZNSt23_Sp_counted_ptr_inplaceIN7testing10OnceActionIFiiiiEEESaIS3_ELN9__gnu_cxx12_Lock_policyE2EE10_M_disposeEv
FNDA:5,_ZNSt23_Sp_counted_ptr_inplaceIN7testing10OnceActionIFiiiiEEESaIS3_ELN9__gnu_cxx12_Lock_policyE2EE10_M_disposeEv
FN:555,_ZNSt23_Sp_counted_ptr_inplaceIN7testing10OnceActionIFiiiiEE23IgnoreIncomingArgumentsINS0_8internal12ReturnActionIiE4ImplIiEEEESaISA_ELN9__gnu_cxx12_Lock_policyE2EE10_M_disposeEv
FNDA:5,_ZNSt23_Sp_counted_ptr_inplaceIN7testing10OnceActionIFiiiiEE23IgnoreIncomingArgumentsINS0_8internal12ReturnActionIiE4ImplIiEEEESaISA_ELN9__gnu_cxx12_Lock_policyE2EE10_M_disposeEv
FN:555,_ZNSt23_Sp_counted_ptr_inplaceIN7testing10OnceActionIFiiEEESaIS3_ELN9__gnu_cxx12_Lock_policyE2EE10_M_disposeEv
FNDA:4,_ZNSt23_Sp_counted_ptr_inplaceIN7testing10OnceActionIFiiEEESaIS3_ELN9__gnu_cxx12_Lock_policyE2EE10_M_disposeEv
FN:562,_ZNSt23_Sp_counted_ptr_inplaceIN7testing10OnceActionIFiiiiEE23IgnoreIncomingArgumentsINS0_8internal12ReturnActionIiE4ImplIiEEEESaISA_ELN9__gnu_cxx12_Lock_policyE2EE10_M_destroyEv
FNDA:5,_ZNSt23_Sp_counted_ptr_inplaceIN7testing10OnceActionIFiiiiEE23IgnoreIncomingArgumentsINS0_8internal12ReturnActionIiE4ImplIiEEEESaISA_ELN9__gnu_cxx12_Lock_policyE2EE10_M_destroyEv
FN:562,_ZNSt23_Sp_counted_ptr_inplaceIN7testing10OnceActionIFiiEE23IgnoreIncomingArgumentsINS0_8internal12ReturnActionIiE4ImplIiEEEESaISA_ELN9__gnu_cxx12_Lock_policyE2EE10_M_destroyEv
FNDA:4,_ZNSt23_Sp_counted_ptr_inplaceIN7testing10OnceActionIFiiEE23IgnoreIncomingArgumentsINS0_8internal12ReturnActionIiE4ImplIiEEEESaISA_ELN9__gnu_cxx12_Lock_policyE2EE10_M_destroyEv
FN:562,_ZNSt23_Sp_counted_ptr_inplaceIN7testing10OnceActionIFiiEEESaIS3_ELN9__gnu_cxx12_Lock_policyE2EE10_M_destroyEv
FNDA:4,_ZNSt23_Sp_counted_ptr_inplaceIN7testing10OnceActionIFiiEEESaIS3_ELN9__gnu_cxx12_Lock_policyE2EE10_M_destroyEv
FN:562,_ZNSt23_Sp_counted_ptr_inplaceIN7testing10OnceActionIFiiiiEEESaIS3_ELN9__gnu_cxx12_Lock_policyE2EE10_M_destroyEv
FNDA:5,_ZNSt23_Sp_counted_ptr_inplaceIN7testing10OnceActionIFiiiiEEESaIS3_ELN9__gnu_cxx12_Lock_policyE2EE10_M_destroyEv
FN:575,_ZNSt23_Sp_counted_ptr_inplaceIN7testing10OnceActionIFiiiiEEESaIS3_ELN9__gnu_cxx12_Lock_policyE2EE14_M_get_deleterERKSt9type_info
FNDA:0,_ZNSt23_Sp_counted_ptr_inplaceIN7testing10OnceActionIFiiiiEEESaIS3_ELN9__gnu_cxx12_Lock_policyE2EE14_M_get_deleterERKSt9type_info
FN:575,_ZNSt23_Sp_counted_ptr_inplaceIN7testing10OnceActionIFiiEE23IgnoreIncomingArgumentsINS0_8internal12ReturnActionIiE4ImplIiEEEESaISA_ELN9__gnu_cxx12_Lock_policyE2EE14_M_get_deleterERKSt9type_info
FNDA:0,_ZNSt23_Sp_counted_ptr_inplaceIN7testing10OnceActionIFiiEE23IgnoreIncomingArgumentsINS0_8internal12ReturnActionIiE4ImplIiEEEESaISA_ELN9__gnu_cxx12_Lock_policyE2EE14_M_get_deleterERKSt9type_info
FN:575,_ZNSt23_Sp_counted_ptr_inplaceIN7testing10OnceActionIFiiiiEE23IgnoreIncomingArgumentsINS0_8internal12ReturnActionIiE4ImplIiEEEESaISA_ELN9__gnu_cxx12_Lock_policyE2EE14_M_get_deleterERKSt9type_info
FNDA:0,_ZNSt23_Sp_counted_ptr_inplaceIN7testing10OnceActionIFiiiiEE23IgnoreIncomingArgumentsINS0_8internal12ReturnActionIiE4ImplIiEEEESaISA_ELN9__gnu_cxx12_Lock_policyE2EE14_M_get_deleterERKSt9type_info
FN:575,_ZNSt23_Sp_counted_ptr_inplaceIN7testing10OnceActionIFiiEEESaIS3_ELN9__gnu_cxx12_Lock_policyE2EE14_M_get_deleterERKSt9type_info
FNDA:0,_ZNSt23_Sp_counted_ptr_inplaceIN7testing10OnceActionIFiiEEESaIS3_ELN9__gnu_cxx12_Lock_policyE2EE14_M_get_deleterERKSt9type_info
FN:594,_ZNSt23_Sp_counted_ptr_inplaceIN7testing10OnceActionIFiiiiEEESaIS3_ELN9__gnu_cxx12_Lock_policyE2EE6_M_ptrEv
FNDA:15,_ZNSt23_Sp_counted_ptr_inplaceIN7testing10OnceActionIFiiiiEEESaIS3_ELN9__gnu_cxx12_Lock_policyE2EE6_M_ptrEv
FN:594,_ZNSt23_Sp_counted_ptr_inplaceIN7testing10OnceActionIFiiiiEE23IgnoreIncomingArgumentsINS0_8internal12ReturnActionIiE4ImplIiEEEESaISA_ELN9__gnu_cxx12_Lock_policyE2EE6_M_ptrEv
FNDA:15,_ZNSt23_Sp_counted_ptr_inplaceIN7testing10OnceActionIFiiiiEE23IgnoreIncomingArgumentsINS0_8internal12ReturnActionIiE4ImplIiEEEESaISA_ELN9__gnu_cxx12_Lock_policyE2EE6_M_ptrEv
FN:594,_ZNSt23_Sp_counted_ptr_inplaceIN7testing10OnceActionIFiiEEESaIS3_ELN9__gnu_cxx12_Lock_policyE2EE6_M_ptrEv
FNDA:12,_ZNSt23_Sp_counted_ptr_inplaceIN7testing10OnceActionIFiiEEESaIS3_ELN9__gnu_cxx12_Lock_policyE2EE6_M_ptrEv
FN:594,_ZNSt23_Sp_counted_ptr_inplaceIN7testing10OnceActionIFiiEE23IgnoreIncomingArgumentsINS0_8internal12ReturnActionIiE4ImplIiEEEESaISA_ELN9__gnu_cxx12_Lock_policyE2EE6_M_ptrEv
FNDA:12,_ZNSt23_Sp_counted_ptr_inplaceIN7testing10OnceActionIFiiEE23IgnoreIncomingArgumentsINS0_8internal12ReturnActionIiE4ImplIiEEEESaISA_ELN9__gnu_cxx12_Lock_policyE2EE6_M_ptrEv
FN:616,_ZNSt14__shared_countILN9__gnu_cxx12_Lock_policyE2EEC2Ev
FNDA:27,_ZNSt14__shared_countILN9__gnu_cxx12_Lock_policyE2EEC2Ev
FN:621,_ZNSt14__shared_countILN9__gnu_cxx12_Lock_policyE2EEC2IPN7testing8internal16TypedExpectationIFiiEEEEET_
FNDA:4,_ZNSt14__shared_countILN9__gnu_cxx12_Lock_policyE2EEC2IPN7testing8internal16TypedExpectationIFiiEEEEET_
FN:621,_ZNSt14__shared_countILN9__gnu_cxx12_Lock_policyE2EEC2IPN7testing8internal12ReturnActionIiE4ImplIiE5StateEEET_
FNDA:9,_ZNSt14__shared_countILN9__gnu_cxx12_Lock_policyE2EEC2IPN7testing8internal12ReturnActionIiE4ImplIiE5StateEEET_
FN:621,_ZNSt14__shared_countILN9__gnu_cxx12_Lock_policyE2EEC2IPN7testing8internal16TypedExpectationIFiiiiEEEEET_
FNDA:5,_ZNSt14__shared_countILN9__gnu_cxx12_Lock_policyE2EEC2IPN7testing8internal16TypedExpectationIFiiiiEEEEET_
FN:635,_ZNSt14__shared_countILN9__gnu_cxx12_Lock_policyE2EEC2IPN7testing8internal16TypedExpectationIFiiiiEEEEET_St17integral_constantIbLb0EE
FNDA:5,_ZNSt14__shared_countILN9__gnu_cxx12_Lock_policyE2EEC2IPN7testing8internal16TypedExpectationIFiiiiEEEEET_St17integral_constantIbLb0EE
FN:635,_ZNSt14__shared_countILN9__gnu_cxx12_Lock_policyE2EEC2IPN7testing8internal12ReturnActionIiE4ImplIiE5StateEEET_St17integral_constantIbLb0EE
FNDA:9,_ZNSt14__shared_countILN9__gnu_cxx12_Lock_policyE2EEC2IPN7testing8internal12ReturnActionIiE4ImplIiE5StateEEET_St17integral_constantIbLb0EE
FN:635,_ZNSt14__shared_countILN9__gnu_cxx12_Lock_policyE2EEC2IPN7testing8internal16TypedExpectationIFiiEEEEET_St17integral_constantIbLb0EE
FNDA:4,_ZNSt14__shared_countILN9__gnu_cxx12_Lock_policyE2EEC2IPN7testing8internal16TypedExpectationIFiiEEEEET_St17integral_constantIbLb0EE
FN:672,_ZNSt14__shared_countILN9__gnu_cxx12_Lock_policyE2EEC2IN7testing10OnceActionIFiiiiEE23IgnoreIncomingArgumentsINS4_8internal12ReturnActionIiE4ImplIiEEEESaISE_EJSE_EEERPT_St20_Sp_alloc_shared_tagIT0_EDpOT1_
FNDA:5,_ZNSt14__shared_countILN9__gnu_cxx12_Lock_policyE2EEC2IN7testing10OnceActionIFiiiiEE23IgnoreIncomingArgumentsINS4_8internal12ReturnActionIiE4ImplIiEEEESaISE_EJSE_EEERPT_St20_Sp_alloc_shared_tagIT0_EDpOT1_
FN:672,_ZNSt14__shared_countILN9__gnu_cxx12_Lock_policyE2EEC2IN7testing10OnceActionIFiiEE23IgnoreIncomingArgumentsINS4_8internal12ReturnActionIiE4ImplIiEEEESaISE_EJSE_EEERPT_St20_Sp_alloc_shared_tagIT0_EDpOT1_
FNDA:4,_ZNSt14__shared_countILN9__gnu_cxx12_Lock_policyE2EEC2IN7testing10OnceActionIFiiEE23IgnoreIncomingArgumentsINS4_8internal12ReturnActionIiE4ImplIiEEEESaISE_EJSE_EEERPT_St20_Sp_alloc_shared_tagIT0_EDpOT1_
FN:672,_ZNSt14__shared_countILN9__gnu_cxx12_Lock_policyE2EEC2IN7testing10OnceActionIFiiEEESaIS7_EJS7_EEERPT_St20_Sp_alloc_shared_tagIT0_EDpOT1_
FNDA:4,_ZNSt14__shared_countILN9__gnu_cxx12_Lock_policyE2EEC2IN7testing10OnceActionIFiiEEESaIS7_EJS7_EEERPT_St20_Sp_alloc_shared_tagIT0_EDpOT1_
FN:672,_ZNSt14__shared_countILN9__gnu_cxx12_Lock_policyE2EEC2IN7testing10OnceActionIFiiiiEEESaIS7_EJS7_EEERPT_St20_Sp_alloc_shared_tagIT0_EDpOT1_
FNDA:5,_ZNSt14__shared_countILN9__gnu_cxx12_Lock_policyE2EEC2IN7testing10OnceActionIFiiiiEEESaIS7_EJS7_EEERPT_St20_Sp_alloc_shared_tagIT0_EDpOT1_
FN:727,_ZNSt14__shared_countILN9__gnu_cxx12_Lock_policyE2EED2Ev
FNDA:117,_ZNSt14__shared_countILN9__gnu_cxx12_Lock_policyE2EED2Ev
FN:733,_ZNSt14__shared_countILN9__gnu_cxx12_Lock_policyE2EEC2ERKS2_
FNDA:36,_ZNSt14__shared_countILN9__gnu_cxx12_Lock_policyE2EEC2ERKS2_
FN:741,_ZNSt14__shared_countILN9__gnu_cxx12_Lock_policyE2EEaSERKS2_
FNDA:9,_ZNSt14__shared_countILN9__gnu_cxx12_Lock_policyE2EEaSERKS2_
FN:756,_ZNSt14__shared_countILN9__gnu_cxx12_Lock_policyE2EE7_M_swapERS2_
FNDA:27,_ZNSt14__shared_countILN9__gnu_cxx12_Lock_policyE2EE7_M_swapERS2_
FN:1005,_ZNKSt19__shared_ptr_accessIN7testing10OnceActionIFiiEEELN9__gnu_cxx12_Lock_policyE2ELb0ELb0EEdeEv
FNDA:4,_ZNKSt19__shared_ptr_accessIN7testing10OnceActionIFiiEEELN9__gnu_cxx12_Lock_policyE2ELb0ELb0EEdeEv
FN:1005,_ZNKSt19__shared_ptr_accessIN7testing10OnceActionIFiiEE23IgnoreIncomingArgumentsINS0_8internal12ReturnActionIiE4ImplIiEEEELN9__gnu_cxx12_Lock_policyE2ELb0ELb0EEdeEv
FNDA:4,_ZNKSt19__shared_ptr_accessIN7testing10OnceActionIFiiEE23IgnoreIncomingArgumentsINS0_8internal12ReturnActionIiE4ImplIiEEEELN9__gnu_cxx12_Lock_policyE2ELb0ELb0EEdeEv
FN:1005,_ZNKSt19__shared_ptr_accessIN7testing10OnceActionIFiiiiEEELN9__gnu_cxx12_Lock_policyE2ELb0ELb0EEdeEv
FNDA:5,_ZNKSt19__shared_ptr_accessIN7testing10OnceActionIFiiiiEEELN9__gnu_cxx12_Lock_policyE2ELb0ELb0EEdeEv
FN:1005,_ZNKSt19__shared_ptr_accessIN7testing10OnceActionIFiiiiEE23IgnoreIncomingArgumentsINS0_8internal12ReturnActionIiE4ImplIiEEEELN9__gnu_cxx12_Lock_policyE2ELb0ELb0EEdeEv
FNDA:5,_ZNKSt19__shared_ptr_accessIN7testing10OnceActionIFiiiiEE23IgnoreIncomingArgumentsINS0_8internal12ReturnActionIiE4ImplIiEEEELN9__gnu_cxx12_Lock_policyE2ELb0ELb0EEdeEv
FN:1012,_ZNKSt19__shared_ptr_accessIN7testing8internal15ExpectationBaseELN9__gnu_cxx12_Lock_policyE2ELb0ELb0EEptEv
FNDA:0,_ZNKSt19__shared_ptr_accessIN7testing8internal15ExpectationBaseELN9__gnu_cxx12_Lock_policyE2ELb0ELb0EEptEv
FN:1012,_ZNKSt19__shared_ptr_accessIN7testing8internal12ReturnActionIiE4ImplIiE5StateELN9__gnu_cxx12_Lock_policyE2ELb0ELb0EEptEv
FNDA:9,_ZNKSt19__shared_ptr_accessIN7testing8internal12ReturnActionIiE4ImplIiE5StateELN9__gnu_cxx12_Lock_policyE2ELb0ELb0EEptEv
FN:1012,_ZNKSt19__shared_ptr_accessIKN7testing20CardinalityInterfaceELN9__gnu_cxx12_Lock_policyE2ELb0ELb0EEptEv
FNDA:45,_ZNKSt19__shared_ptr_accessIKN7testing20CardinalityInterfaceELN9__gnu_cxx12_Lock_policyE2ELb0ELb0EEptEv
FN:1020,_ZNKSt19__shared_ptr_accessIKN7testing20CardinalityInterfaceELN9__gnu_cxx12_Lock_policyE2ELb0ELb0EE6_M_getEv
FNDA:45,_ZNKSt19__shared_ptr_accessIKN7testing20CardinalityInterfaceELN9__gnu_cxx12_Lock_policyE2ELb0ELb0EE6_M_getEv
FN:1020,_ZNKSt19__shared_ptr_accessIN7testing8internal15ExpectationBaseELN9__gnu_cxx12_Lock_policyE2ELb0ELb0EE6_M_getEv
FNDA:0,_ZNKSt19__shared_ptr_accessIN7testing8internal15ExpectationBaseELN9__gnu_cxx12_Lock_policyE2ELb0ELb0EE6_M_getEv
FN:1020,_ZNKSt19__shared_ptr_accessIN7testing10OnceActionIFiiiiEE23IgnoreIncomingArgumentsINS0_8internal12ReturnActionIiE4ImplIiEEEELN9__gnu_cxx12_Lock_policyE2ELb0ELb0EE6_M_getEv
FNDA:5,_ZNKSt19__shared_ptr_accessIN7testing10OnceActionIFiiiiEE23IgnoreIncomingArgumentsINS0_8internal12ReturnActionIiE4ImplIiEEEELN9__gnu_cxx12_Lock_policyE2ELb0ELb0EE6_M_getEv
FN:1020,_ZNKSt19__shared_ptr_accessIN7testing10OnceActionIFiiEE23IgnoreIncomingArgumentsINS0_8internal12ReturnActionIiE4ImplIiEEEELN9__gnu_cxx12_Lock_policyE2ELb0ELb0EE6_M_getEv
FNDA:4,_ZNKSt19__shared_ptr_accessIN7testing10OnceActionIFiiEE23IgnoreIncomingArgumentsINS0_8internal12ReturnActionIiE4ImplIiEEEELN9__gnu_cxx12_Lock_policyE2ELb0ELb0EE6_M_getEv
FN:1020,_ZNKSt19__shared_ptr_accessIN7testing10OnceActionIFiiiiEEELN9__gnu_cxx12_Lock_policyE2ELb0ELb0EE6_M_getEv
FNDA:5,_ZNKSt19__shared_ptr_accessIN7testing10OnceActionIFiiiiEEELN9__gnu_cxx12_Lock_policyE2ELb0ELb0EE6_M_getEv
FN:1020,_ZNKSt19__shared_ptr_accessIN7testing10OnceActionIFiiEEELN9__gnu_cxx12_Lock_policyE2ELb0ELb0EE6_M_getEv
FNDA:4,_ZNKSt19__shared_ptr_accessIN7testing10OnceActionIFiiEEELN9__gnu_cxx12_Lock_policyE2ELb0ELb0EE6_M_getEv
FN:1020,_ZNKSt19__shared_ptr_accessIN7testing8internal12ReturnActionIiE4ImplIiE5StateELN9__gnu_cxx12_Lock_policyE2ELb0ELb0EE6_M_getEv
FNDA:9,_ZNKSt19__shared_ptr_accessIN7testing8internal12ReturnActionIiE4ImplIiE5StateELN9__gnu_cxx12_Lock_policyE2ELb0ELb0EE6_M_getEv
FN:1080,_ZNSt12__shared_ptrIKN7testing20CardinalityInterfaceELN9__gnu_cxx12_Lock_policyE2EEaSERKS5_
FNDA:9,_ZNSt12__shared_ptrIKN7testing20CardinalityInterfaceELN9__gnu_cxx12_Lock_policyE2EEaSERKS5_
FN:1124,_ZNSt12__shared_ptrIN7testing8internal15ExpectationBaseELN9__gnu_cxx12_Lock_policyE2EEC2INS1_16TypedExpectationIFiiEEEvEEPT_
FNDA:4,_ZNSt12__shared_ptrIN7testing8internal15ExpectationBaseELN9__gnu_cxx12_Lock_policyE2EEC2INS1_16TypedExpectationIFiiEEEvEEPT_
FN:1124,_ZNSt12__shared_ptrIN7testing8internal12ReturnActionIiE4ImplIiE5StateELN9__gnu_cxx12_Lock_policyE2EEC2IS6_vEEPT_
FNDA:9,_ZNSt12__shared_ptrIN7testing8internal12ReturnActionIiE4ImplIiE5StateELN9__gnu_cxx12_Lock_policyE2EEC2IS6_vEEPT_
FN:1124,_ZNSt12__shared_ptrIN7testing8internal15ExpectationBaseELN9__gnu_cxx12_Lock_policyE2EEC2INS1_16TypedExpectationIFiiiiEEEvEEPT_
FNDA:5,_ZNSt12__shared_ptrIN7testing8internal15ExpectationBaseELN9__gnu_cxx12_Lock_policyE2EEC2INS1_16TypedExpectationIFiiiiEEEvEEPT_
FN:1167,_ZNSt12__shared_ptrIN7testing10OnceActionIFiiiiEEELN9__gnu_cxx12_Lock_policyE2EEC2ERKS6_
FNDA:5,_ZNSt12__shared_ptrIN7testing10OnceActionIFiiiiEEELN9__gnu_cxx12_Lock_policyE2EEC2ERKS6_
FN:1167,_ZNSt12__shared_ptrIN7testing8internal12ReturnActionIiE4ImplIiE5StateELN9__gnu_cxx12_Lock_policyE2EEC2ERKS9_
FNDA:18,_ZNSt12__shared_ptrIN7testing8internal12ReturnActionIiE4ImplIiE5StateELN9__gnu_cxx12_Lock_policyE2EEC2ERKS9_
FN:1167,_ZNSt12__shared_ptrIN7testing10OnceActionIFiiiiEE23IgnoreIncomingArgumentsINS0_8internal12ReturnActionIiE4ImplIiEEEELN9__gnu_cxx12_Lock_policyE2EEC2ERKSD_
FNDA:0,_ZNSt12__shared_ptrIN7testing10OnceActionIFiiiiEE23IgnoreIncomingArgumentsINS0_8internal12ReturnActionIiE4ImplIiEEEELN9__gnu_cxx12_Lock_policyE2EEC2ERKSD_
FN:1167,_ZNSt12__shared_ptrIN7testing10OnceActionIFiiEE23IgnoreIncomingArgumentsINS0_8internal12ReturnActionIiE4ImplIiEEEELN9__gnu_cxx12_Lock_policyE2EEC2ERKSD_
FNDA:0,_ZNSt12__shared_ptrIN7testing10OnceActionIFiiEE23IgnoreIncomingArgumentsINS0_8internal12ReturnActionIiE4ImplIiEEEELN9__gnu_cxx12_Lock_policyE2EEC2ERKSD_
FN:1167,_ZNSt12__shared_ptrIN7testing10OnceActionIFiiEEELN9__gnu_cxx12_Lock_policyE2EEC2ERKS6_
FNDA:4,_ZNSt12__shared_ptrIN7testing10OnceActionIFiiEEELN9__gnu_cxx12_Lock_policyE2EEC2ERKS6_
FN:1167,_ZNSt12__shared_ptrIN7testing8internal15ExpectationBaseELN9__gnu_cxx12_Lock_policyE2EEC2ERKS5_
FNDA:9,_ZNSt12__shared_ptrIN7testing8internal15ExpectationBaseELN9__gnu_cxx12_Lock_policyE2EEC2ERKS5_
FN:1169,_ZNSt12__shared_ptrIN7testing10OnceActionIFiiEEELN9__gnu_cxx12_Lock_policyE2EED2Ev
FNDA:16,_ZNSt12__shared_ptrIN7testing10OnceActionIFiiEEELN9__gnu_cxx12_Lock_policyE2EED2Ev
FN:1169,_ZNSt12__shared_ptrIN7testing10OnceActionIFiiiiEEELN9__gnu_cxx12_Lock_policyE2EED2Ev
FNDA:20,_ZNSt12__shared_ptrIN7testing10OnceActionIFiiiiEEELN9__gnu_cxx12_Lock_policyE2EED2Ev
FN:1169,_ZNSt12__shared_ptrIN7testing8internal12ReturnActionIiE4ImplIiE5StateELN9__gnu_cxx12_Lock_policyE2EED2Ev
FNDA:27,_ZNSt12__shared_ptrIN7testing8internal12ReturnActionIiE4ImplIiE5StateELN9__gnu_cxx12_Lock_policyE2EED2Ev
FN:1169,_ZNSt12__shared_ptrIN7testing8internal15ExpectationBaseELN9__gnu_cxx12_Lock_policyE2EED2Ev
FNDA:18,_ZNSt12__shared_ptrIN7testing8internal15ExpectationBaseELN9__gnu_cxx12_Lock_policyE2EED2Ev
FN:1169,_ZNSt12__shared_ptrIKN7testing20CardinalityInterfaceELN9__gnu_cxx12_Lock_policyE2EED2Ev
FNDA:18,_ZNSt12__shared_ptrIKN7testing20CardinalityInterfaceELN9__gnu_cxx12_Lock_policyE2EED2Ev
FN:1169,_ZNSt12__shared_ptrIN7testing10OnceActionIFiiEE23IgnoreIncomingArgumentsINS0_8internal12ReturnActionIiE4ImplIiEEEELN9__gnu_cxx12_Lock_policyE2EED2Ev
FNDA:8,_ZNSt12__shared_ptrIN7testing10OnceActionIFiiEE23IgnoreIncomingArgumentsINS0_8internal12ReturnActionIiE4ImplIiEEEELN9__gnu_cxx12_Lock_policyE2EED2Ev
FN:1169,_ZNSt12__shared_ptrIN7testing10OnceActionIFiiiiEE23IgnoreIncomingArgumentsINS0_8internal12ReturnActionIiE4ImplIiEEEELN9__gnu_cxx12_Lock_policyE2EED2Ev
FNDA:10,_ZNSt12__shared_ptrIN7testing10OnceActionIFiiiiEE23IgnoreIncomingArgumentsINS0_8internal12ReturnActionIiE4ImplIiEEEELN9__gnu_cxx12_Lock_policyE2EED2Ev
FN:1176,_ZNSt12__shared_ptrIN7testing8internal15ExpectationBaseELN9__gnu_cxx12_Lock_policyE2EEC2EOS5_
FNDA:0,_ZNSt12__shared_ptrIN7testing8internal15ExpectationBaseELN9__gnu_cxx12_Lock_policyE2EEC2EOS5_
FN:1176,_ZNSt12__shared_ptrIN7testing10OnceActionIFiiiiEEELN9__gnu_cxx12_Lock_policyE2EEC2EOS6_
FNDA:10,_ZNSt12__shared_ptrIN7testing10OnceActionIFiiiiEEELN9__gnu_cxx12_Lock_policyE2EEC2EOS6_
FN:1176,_ZNSt12__shared_ptrIN7testing10OnceActionIFiiEEELN9__gnu_cxx12_Lock_policyE2EEC2EOS6_
FNDA:8,_ZNSt12__shared_ptrIN7testing10OnceActionIFiiEEELN9__gnu_cxx12_Lock_policyE2EEC2EOS6_
FN:1176,_ZNSt12__shared_ptrIN7testing10OnceActionIFiiiiEE23IgnoreIncomingArgumentsINS0_8internal12ReturnActionIiE4ImplIiEEEELN9__gnu_cxx12_Lock_policyE2EEC2EOSD_
FNDA:5,_ZNSt12__shared_ptrIN7testing10OnceActionIFiiiiEE23IgnoreIncomingArgumentsINS0_8internal12ReturnActionIiE4ImplIiEEEELN9__gnu_cxx12_Lock_policyE2EEC2EOSD_
FN:1176,_ZNSt12__shared_ptrIN7testing10OnceActionIFiiEE23IgnoreIncomingArgumentsINS0_8internal12ReturnActionIiE4ImplIiEEEELN9__gnu_cxx12_Lock_policyE2EEC2EOSD_
FNDA:4,_ZNSt12__shared_ptrIN7testing10OnceActionIFiiEE23IgnoreIncomingArgumentsINS0_8internal12ReturnActionIiE4ImplIiEEEELN9__gnu_cxx12_Lock_policyE2EEC2EOSD_
FN:1309,_ZNKSt12__shared_ptrIKN7testing20CardinalityInterfaceELN9__gnu_cxx12_Lock_policyE2EE3getEv
FNDA:45,_ZNKSt12__shared_ptrIKN7testing20CardinalityInterfaceELN9__gnu_cxx12_Lock_policyE2EE3getEv
FN:1309,_ZNKSt12__shared_ptrIN7testing8internal12ReturnActionIiE4ImplIiE5StateELN9__gnu_cxx12_Lock_policyE2EE3getEv
FNDA:9,_ZNKSt12__shared_ptrIN7testing8internal12ReturnActionIiE4ImplIiE5StateELN9__gnu_cxx12_Lock_policyE2EE3getEv
FN:1309,_ZNKSt12__shared_ptrIN7testing10OnceActionIFiiEEELN9__gnu_cxx12_Lock_policyE2EE3getEv
FNDA:4,_ZNKSt12__shared_ptrIN7testing10OnceActionIFiiEEELN9__gnu_cxx12_Lock_policyE2EE3getEv
FN:1309,_ZNKSt12__shared_ptrIN7testing10OnceActionIFiiiiEEELN9__gnu_cxx12_Lock_policyE2EE3getEv
FNDA:5,_ZNKSt12__shared_ptrIN7testing10OnceActionIFiiiiEEELN9__gnu_cxx12_Lock_policyE2EE3getEv
FN:1309,_ZNKSt12__shared_ptrIN7testing10OnceActionIFiiEE23IgnoreIncomingArgumentsINS0_8internal12ReturnActionIiE4ImplIiEEEELN9__gnu_cxx12_Lock_policyE2EE3getEv
FNDA:4,_ZNKSt12__shared_ptrIN7testing10OnceActionIFiiEE23IgnoreIncomingArgumentsINS0_8internal12ReturnActionIiE4ImplIiEEEELN9__gnu_cxx12_Lock_policyE2EE3getEv
FN:1309,_ZNKSt12__shared_ptrIN7testing10OnceActionIFiiiiEE23IgnoreIncomingArgumentsINS0_8internal12ReturnActionIiE4ImplIiEEEELN9__gnu_cxx12_Lock_policyE2EE3getEv
FNDA:5,_ZNKSt12__shared_ptrIN7testing10OnceActionIFiiiiEE23IgnoreIncomingArgumentsINS0_8internal12ReturnActionIiE4ImplIiEEEELN9__gnu_cxx12_Lock_policyE2EE3getEv
FN:1309,_ZNKSt12__shared_ptrIN7testing8internal15ExpectationBaseELN9__gnu_cxx12_Lock_policyE2EE3getEv
FNDA:18,_ZNKSt12__shared_ptrIN7testing8internal15ExpectationBaseELN9__gnu_cxx12_Lock_policyE2EE3getEv
FN:1343,_ZNSt12__shared_ptrIN7testing10OnceActionIFiiiiEE23IgnoreIncomingArgumentsINS0_8internal12ReturnActionIiE4ImplIiEEEELN9__gnu_cxx12_Lock_policyE2EEC2ISaISA_EJSA_EEESt20_Sp_alloc_shared_tagIT_EDpOT0_
FNDA:5,_ZNSt12__shared_ptrIN7testing10OnceActionIFiiiiEE23IgnoreIncomingArgumentsINS0_8internal12ReturnActionIiE4ImplIiEEEELN9__gnu_cxx12_Lock_policyE2EEC2ISaISA_EJSA_EEESt20_Sp_alloc_shared_tagIT_EDpOT0_
[...]
FN:661,_ZN7testing8internal11TuplePrefixILm0EE7MatchesISt5tupleIJNS_7MatcherIiEEEES4_IJiEEEEbRKT_RKT0_
FNDA:4,_ZN7testing8internal11TuplePrefixILm0EE7MatchesISt5tupleIJNS_7MatcherIiEEEES4_IJiEEEEbRKT_RKT0_
FN:661,_ZN7testing8internal11TuplePrefixILm0EE7MatchesISt5tupleIJNS_7MatcherIiEES6_S6_EES4_IJiiiEEEEbRKT_RKT0_
FNDA:5,_ZN7testing8internal11TuplePrefixILm0EE7MatchesISt5tupleIJNS_7MatcherIiEES6_S6_EES4_IJiiiEEEEbRKT_RKT0_
FN:667,_ZN7testing8internal11TuplePrefixILm0EE22ExplainMatchFailuresToISt5tupleIJNS_7MatcherIiEEEES4_IJiEEEEvRKT_RKT0_PSo
FNDA:0,_ZN7testing8internal11TuplePrefixILm0EE22ExplainMatchFailuresToISt5tupleIJNS_7MatcherIiEEEES4_IJiEEEEvRKT_RKT0_PSo
FN:667,_ZN7testing8internal11TuplePrefixILm0EE22ExplainMatchFailuresToISt5tupleIJNS_7MatcherIiEES6_S6_EES4_IJiiiEEEEvRKT_RKT0_PSo
FNDA:0,_ZN7testing8internal11TuplePrefixILm0EE22ExplainMatchFailuresToISt5tupleIJNS_7MatcherIiEES6_S6_EES4_IJiiiEEEEvRKT_RKT0_PSo
FN:678,_ZN7testing8internal12TupleMatchesISt5tupleIJNS_7MatcherIiEEEES2_IJiEEEEbRKT_RKT0_
FNDA:4,_ZN7testing8internal12TupleMatchesISt5tupleIJNS_7MatcherIiEEEES2_IJiEEEEbRKT_RKT0_
FN:678,_ZN7testing8internal12TupleMatchesISt5tupleIJNS_7MatcherIiEES4_S4_EES2_IJiiiEEEEbRKT_RKT0_
FNDA:5,_ZN7testing8internal12TupleMatchesISt5tupleIJNS_7MatcherIiEES4_S4_EES2_IJiiiEEEEbRKT_RKT0_
FN:692,_ZN7testing8internal26ExplainMatchFailureTupleToISt5tupleIJNS_7MatcherIiEEEES2_IJiEEEEvRKT_RKT0_PSo
FNDA:0,_ZN7testing8internal26ExplainMatchFailureTupleToISt5tupleIJNS_7MatcherIiEEEES2_IJiEEEEvRKT_RKT0_PSo
FN:692,_ZN7testing8internal26ExplainMatchFailureTupleToISt5tupleIJNS_7MatcherIiEES4_S4_EES2_IJiiiEEEEvRKT_RKT0_PSo
FNDA:0,_ZN7testing8internal26ExplainMatchFailureTupleToISt5tupleIJNS_7MatcherIiEES4_S4_EES2_IJiiiEEEEvRKT_RKT0_PSo
FN:747,_ZNK7testing8internal15AnythingMatcher15MatchAndExplainISt5tupleIJiEEEEbRKT_PSo
FNDA:4,_ZNK7testing8internal15AnythingMatcher15MatchAndExplainISt5tupleIJiEEEEbRKT_PSo
FN:747,_ZNK7testing8internal15AnythingMatcher15MatchAndExplainISt5tupleIJiiiEEEEbRKT_PSo
FNDA:5,_ZNK7testing8internal15AnythingMatcher15MatchAndExplainISt5tupleIJiiiEEEEbRKT_PSo
FN:747,_ZNK7testing8internal15AnythingMatcher15MatchAndExplainIiEEbRKT_PSo
FNDA:4,_ZNK7testing8internal15AnythingMatcher15MatchAndExplainIiEEbRKT_PSo
FN:750,_ZNK7testing8internal15AnythingMatcher10DescribeToEPSo
FNDA:0,_ZNK7testing8internal15AnythingMatcher10DescribeToEPSo
FN:751,_ZNK7testing8internal15AnythingMatcher18DescribeNegationToEPSo
FNDA:0,_ZNK7testing8internal15AnythingMatcher18DescribeNegationToEPSo
FN:4249,_ZN7testing1AIRKSt5tupleIJiiiEEEENS_7MatcherIT_EEv
FNDA:5,_ZN7testing1AIRKSt5tupleIJiiiEEEENS_7MatcherIT_EEv
FN:4249,_ZN7testing1AIRKSt5tupleIJiEEEENS_7MatcherIT_EEv
FNDA:4,_ZN7testing1AIRKSt5tupleIJiEEEENS_7MatcherIT_EEv
DA:305,0
DA:308,0
DA:562,0
DA:564,0
DA:565,0
DA:567,0
DA:616,5
DA:618,10
DA:619,10
DA:616,5
DA:618,10
DA:619,10
DA:616,4
DA:618,8
DA:619,8
DA:616,5
DA:618,10
DA:619,10
DA:627,0
DA:631,0
DA:635,0
DA:636,0
DA:638,0
DA:639,0
DA:640,0
DA:641,0
DA:642,0
DA:643,0
DA:649,0
DA:650,0
DA:651,0
DA:653,0
DA:627,0
DA:631,0
DA:635,0
DA:636,0
DA:638,0
DA:639,0
DA:640,0
DA:641,0
DA:642,0
DA:643,0
DA:649,0
DA:650,0
DA:651,0
DA:653,0
DA:627,0
DA:631,0
DA:635,0
DA:636,0
DA:638,0
DA:639,0
DA:640,0
DA:641,0
DA:642,0
DA:643,0
DA:649,0
DA:650,0
DA:651,0
DA:653,0
DA:627,0
DA:631,0
DA:635,0
DA:636,0
DA:638,0
DA:639,0
DA:640,0
DA:641,0
DA:642,0
DA:643,0
DA:649,0
DA:650,0
DA:651,0
DA:653,0
DA:661,5
DA:663,5
DA:661,4
DA:663,4
DA:667,0
DA:669,0
DA:667,0
DA:669,0
DA:678,4
DA:685,4
DA:686,4
DA:678,5
DA:685,5
DA:686,5
DA:692,0
DA:694,0
DA:696,0
DA:692,0
DA:694,0
DA:696,0
DA:747,4
DA:748,4
DA:747,5
DA:748,5
DA:747,4
DA:748,4
DA:750,0
DA:751,0
DA:755,0
DA:756,0
DA:4249,4
DA:4250,4
DA:4249,5
DA:4250,5
end_of_record
SF:/usr/include/c++/9/bits/stl_set.h
FN:167,_ZNSt3setIN7testing11ExpectationENS1_4LessESaIS1_EEC2Ev
FNDA:9,_ZNSt3setIN7testing11ExpectationENS1_4LessESaIS1_EEC2Ev
FN:281,_ZNSt3setIN7testing11ExpectationENS1_4LessESaIS1_EED2Ev
FNDA:9,_ZNSt3setIN7testing11ExpectationENS1_4LessESaIS1_EED2Ev
FN:344,_ZNKSt3setIN7testing11ExpectationENS1_4LessESaIS1_EE5beginEv
FNDA:18,_ZNKSt3setIN7testing11ExpectationENS1_4LessESaIS1_EE5beginEv
FN:353,_ZNKSt3setIN7testing11ExpectationENS1_4LessESaIS1_EE3endEv
FNDA:18,_ZNKSt3setIN7testing11ExpectationENS1_4LessESaIS1_EE3endEv
DA:167,9
DA:281,9
DA:344,18
DA:345,18
DA:353,18
DA:354,18
end_of_record
SF:/usr/include/c++/9/bits/stl_uninitialized.h
FN:76,_ZNSt20__uninitialized_copyILb0EE13__uninit_copyISt13move_iteratorIPSt10shared_ptrIN7testing8internal15ExpectationBaseEEES8_EET0_T_SB_SA_
FNDA:0,_ZNSt20__uninitialized_copyILb0EE13__uninit_copyISt13move_iteratorIPSt10shared_ptrIN7testing8internal15ExpectationBaseEEES8_EET0_T_SB_SA_
FN:99,_ZNSt20__uninitialized_copyILb1EE13__uninit_copyISt13move_iteratorIPPKvES5_EET0_T_S8_S7_
FNDA:0,_ZNSt20__uninitialized_copyILb1EE13__uninit_copyISt13move_iteratorIPPKvES5_EET0_T_S8_S7_
FN:115,_ZSt18uninitialized_copyISt13move_iteratorIPPKvES3_ET0_T_S6_S5_
FNDA:0,_ZSt18uninitialized_copyISt13move_iteratorIPPKvES3_ET0_T_S6_S5_
FN:115,_ZSt18uninitialized_copyISt13move_iteratorIPSt10shared_ptrIN7testing8internal15ExpectationBaseEEES6_ET0_T_S9_S8_
FNDA:0,_ZSt18uninitialized_copyISt13move_iteratorIPSt10shared_ptrIN7testing8internal15ExpectationBaseEEES6_ET0_T_S9_S8_
FN:305,_ZSt22__uninitialized_copy_aISt13move_iteratorIPPKvES3_S2_ET0_T_S6_S5_RSaIT1_E
FNDA:0,_ZSt22__uninitialized_copy_aISt13move_iteratorIPPKvES3_S2_ET0_T_S6_S5_RSaIT1_E
FN:305,_ZSt22__uninitialized_copy_aISt13move_iteratorIPSt10shared_ptrIN7testing8internal15ExpectationBaseEEES6_S5_ET0_T_S9_S8_RSaIT1_E
FNDA:0,_ZSt22__uninitialized_copy_aISt13move_iteratorIPSt10shared_ptrIN7testing8internal15ExpectationBaseEEES6_S5_ET0_T_S9_S8_RSaIT1_E
FN:323,_ZSt34__uninitialized_move_if_noexcept_aIPPKvS2_SaIS1_EET0_T_S5_S4_RT1_
FNDA:0,_ZSt34__uninitialized_move_if_noexcept_aIPPKvS2_SaIS1_EET0_T_S5_S4_RT1_
FN:323,_ZSt34__uninitialized_move_if_noexcept_aIPSt10shared_ptrIN7testing8internal15ExpectationBaseEES5_SaIS4_EET0_T_S8_S7_RT1_
FNDA:0,_ZSt34__uninitialized_move_if_noexcept_aIPSt10shared_ptrIN7testing8internal15ExpectationBaseEES5_SaIS4_EET0_T_S8_S7_RT1_
FN:905,_ZSt19__relocate_object_aISt10shared_ptrIN7testing8internal15ExpectationBaseEES4_SaIS4_EEvPT_PT0_RT1_
FNDA:0,_ZSt19__relocate_object_aISt10shared_ptrIN7testing8internal15ExpectationBaseEES4_SaIS4_EEvPT_PT0_RT1_
FN:924,_ZSt14__relocate_a_1IPKvS1_ENSt9enable_ifIXsrSt24__is_bitwise_relocatableIT_vE5valueEPS4_E4typeES6_S6_S6_RSaIT0_E
FNDA:18,_ZSt14__relocate_a_1IPKvS1_ENSt9enable_ifIXsrSt24__is_bitwise_relocatableIT_vE5valueEPS4_E4typeES6_S6_S6_RSaIT0_E
FN:936,_ZSt14__relocate_a_1IPSt10shared_ptrIN7testing8internal15ExpectationBaseEES5_SaIS4_EET0_T_S8_S7_RT1_
FNDA:18,_ZSt14__relocate_a_1IPSt10shared_ptrIN7testing8internal15ExpectationBaseEES5_SaIS4_EET0_T_S8_S7_RT1_
FN:958,_ZSt12__relocate_aIPPKvS2_SaIS1_EET0_T_S5_S4_RT1_
FNDA:18,_ZSt12__relocate_aIPPKvS2_SaIS1_EET0_T_S5_S4_RT1_
FN:958,_ZSt12__relocate_aIPSt10shared_ptrIN7testing8internal15ExpectationBaseEES5_SaIS4_EET0_T_S8_S7_RT1_
FNDA:18,_ZSt12__relocate_aIPSt10shared_ptrIN7testing8internal15ExpectationBaseEES5_SaIS4_EET0_T_S8_S7_RT1_
DA:76,0
DA:79,0
DA:82,0
DA:83,0
DA:84,0
DA:86,0
DA:88,0
DA:89,0
DA:99,0
DA:101,0
DA:115,0
DA:134,0
DA:140,0
DA:115,0
DA:134,0
DA:140,0
DA:305,0
DA:307,0
DA:305,0
DA:307,0
DA:323,0
DA:329,0
DA:330,0
DA:323,0
DA:329,0
DA:330,0
DA:905,0
DA:912,0
DA:913,0
DA:914,0
DA:924,18
DA:927,18
DA:928,18
DA:929,0
DA:930,18
DA:936,18
DA:948,18
DA:949,18
DA:950,0
DA:952,18
DA:958,18
DA:964,18
DA:966,18
DA:958,18
DA:964,18
DA:966,18
end_of_record
SF:/mnt/c/Users/user/Desktop/TTECH/my_project/build/_deps/googletest-src/googletest/include/gtest/internal/gtest-port.h
FN:970,_ZN7testing8internal8GTestLog9GetStreamEv
FNDA:0,_ZN7testing8internal8GTestLog9GetStreamEv
FN:1068,_ZN7testing8internal13ImplicitCast_IiEET_S2_
FNDA:9,_ZN7testing8internal13ImplicitCast_IiEET_S2_
FN:1119,_ZN7testing8internal27CheckedDowncastToActualTypeINS0_11ThreadLocalIPNS_8SequenceEE11ValueHolderENS0_26ThreadLocalValueHolderBaseEEEPT_PT0_
FNDA:4,_ZN7testing8internal27CheckedDowncastToActualTypeINS0_11ThreadLocalIPNS_8SequenceEE11ValueHolderENS0_26ThreadLocalValueHolderBaseEEEPT_PT0_
FN:1622,_ZN7testing8internal9MutexBase4LockEv
FNDA:112,_ZN7testing8internal9MutexBase4LockEv
FN:1629,_ZN7testing8internal9MutexBase6UnlockEv
FNDA:112,_ZN7testing8internal9MutexBase6UnlockEv
FN:1640,_ZNK7testing8internal9MutexBase10AssertHeldEv
FNDA:156,_ZNK7testing8internal9MutexBase10AssertHeldEv
FN:1697,_ZN7testing8internal14GTestMutexLockC2EPNS0_9MutexBaseE
FNDA:92,_ZN7testing8internal14GTestMutexLockC2EPNS0_9MutexBaseE
FN:1699,_ZN7testing8internal14GTestMutexLockD2Ev
FNDA:92,_ZN7testing8internal14GTestMutexLockD2Ev
FN:1747,_ZNK7testing8internal11ThreadLocalIPNS_8SequenceEE7pointerEv
FNDA:9,_ZNK7testing8internal11ThreadLocalIPNS_8SequenceEE7pointerEv
FN:1748,_ZNK7testing8internal11ThreadLocalIPNS_8SequenceEE3getEv
FNDA:9,_ZNK7testing8internal11ThreadLocalIPNS_8SequenceEE3getEv
FN:1758,_ZN7testing8internal11ThreadLocalIPNS_8SequenceEE11ValueHolder7pointerEv
FNDA:9,_ZN7testing8internal11ThreadLocalIPNS_8SequenceEE11ValueHolder7pointerEv
FN:1775,_ZNK7testing8internal11ThreadLocalIPNS_8SequenceEE16GetOrCreateValueEv
FNDA:9,_ZNK7testing8internal11ThreadLocalIPNS_8SequenceEE16GetOrCreateValueEv
DA:970,0
DA:1068,9
DA:1069,9
DA:1119,4
DA:1121,4
DA:1127,4
DA:1622,112
DA:1623,112
DA:1624,112
DA:1625,112
DA:1626,112
DA:1629,112
DA:1634,112
DA:1635,112
DA:1636,112
DA:1640,156
DA:1641,156
DA:1642,0
DA:1643,156
DA:1697,92
DA:1699,92
DA:1747,9
DA:1748,9
DA:1758,9
DA:1775,9
DA:1777,9
DA:1778,9
DA:1779,4
DA:1782,5
DA:1783,5
DA:1784,5
DA:1785,5
end_of_record
SF:/usr/include/c++/9/bits/stl_iterator.h
FN:137,_ZNSt16reverse_iteratorIN9__gnu_cxx17__normal_iteratorIPKSt10shared_ptrIN7testing8internal15ExpectationBaseEESt6vectorIS6_SaIS6_EEEEEC2ESC_
FNDA:18,_ZNSt16reverse_iteratorIN9__gnu_cxx17__normal_iteratorIPKSt10shared_ptrIN7testing8internal15ExpectationBaseEESt6vectorIS6_SaIS6_EEEEEC2ESC_
FN:137,_ZNSt16reverse_iteratorIN9__gnu_cxx17__normal_iteratorIPKPKvSt6vectorIS3_SaIS3_EEEEEC2ES9_
FNDA:4,_ZNSt16reverse_iteratorIN9__gnu_cxx17__normal_iteratorIPKPKvSt6vectorIS3_SaIS3_EEEEEC2ES9_
FN:163,_ZNKSt16reverse_iteratorIN9__gnu_cxx17__normal_iteratorIPKPKvSt6vectorIS3_SaIS3_EEEEE4baseEv
FNDA:4,_ZNKSt16reverse_iteratorIN9__gnu_cxx17__normal_iteratorIPKPKvSt6vectorIS3_SaIS3_EEEEE4baseEv
FN:163,_ZNKSt16reverse_iteratorIN9__gnu_cxx17__normal_iteratorIPKSt10shared_ptrIN7testing8internal15ExpectationBaseEESt6vectorIS6_SaIS6_EEEEE4baseEv
FNDA:18,_ZNKSt16reverse_iteratorIN9__gnu_cxx17__normal_iteratorIPKSt10shared_ptrIN7testing8internal15ExpectationBaseEESt6vectorIS6_SaIS6_EEEEE4baseEv
FN:177,_ZNKSt16reverse_iteratorIN9__gnu_cxx17__normal_iteratorIPKPKvSt6vectorIS3_SaIS3_EEEEEdeEv
FNDA:0,_ZNKSt16reverse_iteratorIN9__gnu_cxx17__normal_iteratorIPKPKvSt6vectorIS3_SaIS3_EEEEEdeEv
FN:189,_ZNKSt16reverse_iteratorIN9__gnu_cxx17__normal_iteratorIPKSt10shared_ptrIN7testing8internal15ExpectationBaseEESt6vectorIS6_SaIS6_EEEEEptEv
FNDA:9,_ZNKSt16reverse_iteratorIN9__gnu_cxx17__normal_iteratorIPKSt10shared_ptrIN7testing8internal15ExpectationBaseEESt6vectorIS6_SaIS6_EEEEEptEv
FN:204,_ZNSt16reverse_iteratorIN9__gnu_cxx17__normal_iteratorIPKPKvSt6vectorIS3_SaIS3_EEEEEppEv
FNDA:0,_ZNSt16reverse_iteratorIN9__gnu_cxx17__normal_iteratorIPKPKvSt6vectorIS3_SaIS3_EEEEEppEv
FN:204,_ZNSt16reverse_iteratorIN9__gnu_cxx17__normal_iteratorIPKSt10shared_ptrIN7testing8internal15ExpectationBaseEESt6vectorIS6_SaIS6_EEEEEppEv
FNDA:0,_ZNSt16reverse_iteratorIN9__gnu_cxx17__normal_iteratorIPKSt10shared_ptrIN7testing8internal15ExpectationBaseEESt6vectorIS6_SaIS6_EEEEEppEv
FN:309,_ZNSt16reverse_iteratorIN9__gnu_cxx17__normal_iteratorIPKSt10shared_ptrIN7testing8internal15ExpectationBaseEESt6vectorIS6_SaIS6_EEEEE13_S_to_pointerISC_EES8_T_
FNDA:9,_ZNSt16reverse_iteratorIN9__gnu_cxx17__normal_iteratorIPKSt10shared_ptrIN7testing8internal15ExpectationBaseEESt6vectorIS6_SaIS6_EEEEE13_S_to_pointerISC_EES8_T_
FN:325,_ZSteqIN9__gnu_cxx17__normal_iteratorIPKSt10shared_ptrIN7testing8internal15ExpectationBaseEESt6vectorIS6_SaIS6_EEEEEbRKSt16reverse_iteratorIT_ESH_
FNDA:9,_ZSteqIN9__gnu_cxx17__normal_iteratorIPKSt10shared_ptrIN7testing8internal15ExpectationBaseEESt6vectorIS6_SaIS6_EEEEEbRKSt16reverse_iteratorIT_ESH_
FN:325,_ZSteqIN9__gnu_cxx17__normal_iteratorIPKPKvSt6vectorIS3_SaIS3_EEEEEbRKSt16reverse_iteratorIT_ESE_
FNDA:2,_ZSteqIN9__gnu_cxx17__normal_iteratorIPKPKvSt6vectorIS3_SaIS3_EEEEEbRKSt16reverse_iteratorIT_ESE_
FN:337,_ZStneIN9__gnu_cxx17__normal_iteratorIPKSt10shared_ptrIN7testing8internal15ExpectationBaseEESt6vectorIS6_SaIS6_EEEEEbRKSt16reverse_iteratorIT_ESH_
FNDA:9,_ZStneIN9__gnu_cxx17__normal_iteratorIPKSt10shared_ptrIN7testing8internal15ExpectationBaseEESt6vectorIS6_SaIS6_EEEEEbRKSt16reverse_iteratorIT_ESH_
FN:337,_ZStneIN9__gnu_cxx17__normal_iteratorIPKPKvSt6vectorIS3_SaIS3_EEEEEbRKSt16reverse_iteratorIT_ESE_
FNDA:2,_ZStneIN9__gnu_cxx17__normal_iteratorIPKPKvSt6vectorIS3_SaIS3_EEEEEbRKSt16reverse_iteratorIT_ESE_
FN:803,_ZN9__gnu_cxx17__normal_iteratorIPSt10shared_ptrIN7testing8internal15ExpectationBaseEESt6vectorIS5_SaIS5_EEEC2ERKS6_
FNDA:47,_ZN9__gnu_cxx17__normal_iteratorIPSt10shared_ptrIN7testing8internal15ExpectationBaseEESt6vectorIS5_SaIS5_EEEC2ERKS6_
FN:803,_ZN9__gnu_cxx17__normal_iteratorIPKSt10shared_ptrIN7testing8internal15ExpectationBaseEESt6vectorIS5_SaIS5_EEEC2ERKS7_
FNDA:18,_ZN9__gnu_cxx17__normal_iteratorIPKSt10shared_ptrIN7testing8internal15ExpectationBaseEESt6vectorIS5_SaIS5_EEEC2ERKS7_
FN:803,_ZN9__gnu_cxx17__normal_iteratorIPPKvSt6vectorIS2_SaIS2_EEEC2ERKS3_
FNDA:65,_ZN9__gnu_cxx17__normal_iteratorIPPKvSt6vectorIS2_SaIS2_EEEC2ERKS3_
FN:803,_ZN9__gnu_cxx17__normal_iteratorIPKPKvSt6vectorIS2_SaIS2_EEEC2ERKS4_
FNDA:4,_ZN9__gnu_cxx17__normal_iteratorIPKPKvSt6vectorIS2_SaIS2_EEEC2ERKS4_
FN:808,_ZN9__gnu_cxx17__normal_iteratorIPKPKvSt6vectorIS2_SaIS2_EEEC2IPS2_EERKNS0_IT_NS_11__enable_ifIXsrSt10__are_sameISB_SA_E7__valueES7_E6__typeEEE
FNDA:19,_ZN9__gnu_cxx17__normal_iteratorIPKPKvSt6vectorIS2_SaIS2_EEEC2IPS2_EERKNS0_IT_NS_11__enable_ifIXsrSt10__are_sameISB_SA_E7__valueES7_E6__typeEEE
FN:816,_ZNK9__gnu_cxx17__normal_iteratorIPKPKvSt6vectorIS2_SaIS2_EEEdeEv
FNDA:9,_ZNK9__gnu_cxx17__normal_iteratorIPKPKvSt6vectorIS2_SaIS2_EEEdeEv
FN:820,_ZNK9__gnu_cxx17__normal_iteratorIPKSt10shared_ptrIN7testing8internal15ExpectationBaseEESt6vectorIS5_SaIS5_EEEptEv
FNDA:18,_ZNK9__gnu_cxx17__normal_iteratorIPKSt10shared_ptrIN7testing8internal15ExpectationBaseEESt6vectorIS5_SaIS5_EEEptEv
FN:824,_ZN9__gnu_cxx17__normal_iteratorIPKPKvSt6vectorIS2_SaIS2_EEEppEv
FNDA:9,_ZN9__gnu_cxx17__normal_iteratorIPKPKvSt6vectorIS2_SaIS2_EEEppEv
FN:836,_ZN9__gnu_cxx17__normal_iteratorIPKPKvSt6vectorIS2_SaIS2_EEEmmEv
FNDA:0,_ZN9__gnu_cxx17__normal_iteratorIPKPKvSt6vectorIS2_SaIS2_EEEmmEv
FN:836,_ZN9__gnu_cxx17__normal_iteratorIPKSt10shared_ptrIN7testing8internal15ExpectationBaseEESt6vectorIS5_SaIS5_EEEmmEv
FNDA:9,_ZN9__gnu_cxx17__normal_iteratorIPKSt10shared_ptrIN7testing8internal15ExpectationBaseEESt6vectorIS5_SaIS5_EEEmmEv
FN:868,_ZNK9__gnu_cxx17__normal_iteratorIPPKvSt6vectorIS2_SaIS2_EEE4baseEv
FNDA:83,_ZNK9__gnu_cxx17__normal_iteratorIPPKvSt6vectorIS2_SaIS2_EEE4baseEv
FN:868,_ZNK9__gnu_cxx17__normal_iteratorIPSt10shared_ptrIN7testing8internal15ExpectationBaseEESt6vectorIS5_SaIS5_EEE4baseEv
FNDA:65,_ZNK9__gnu_cxx17__normal_iteratorIPSt10shared_ptrIN7testing8internal15ExpectationBaseEESt6vectorIS5_SaIS5_EEE4baseEv
FN:868,_ZNK9__gnu_cxx17__normal_iteratorIPKSt10shared_ptrIN7testing8internal15ExpectationBaseEESt6vectorIS5_SaIS5_EEE4baseEv
FNDA:37,_ZNK9__gnu_cxx17__normal_iteratorIPKSt10shared_ptrIN7testing8internal15ExpectationBaseEESt6vectorIS5_SaIS5_EEE4baseEv
FN:868,_ZNK9__gnu_cxx17__normal_iteratorIPKPKvSt6vectorIS2_SaIS2_EEE4baseEv
FNDA:32,_ZNK9__gnu_cxx17__normal_iteratorIPKPKvSt6vectorIS2_SaIS2_EEE4baseEv
FN:890,_ZN9__gnu_cxxeqIPKPKvSt6vectorIS2_SaIS2_EEEEbRKNS_17__normal_iteratorIT_T0_EESD_
FNDA:2,_ZN9__gnu_cxxeqIPKPKvSt6vectorIS2_SaIS2_EEEEbRKNS_17__normal_iteratorIT_T0_EESD_
FN:890,_ZN9__gnu_cxxeqIPKSt10shared_ptrIN7testing8internal15ExpectationBaseEESt6vectorIS5_SaIS5_EEEEbRKNS_17__normal_iteratorIT_T0_EESG_
FNDA:9,_ZN9__gnu_cxxeqIPKSt10shared_ptrIN7testing8internal15ExpectationBaseEESt6vectorIS5_SaIS5_EEEEbRKNS_17__normal_iteratorIT_T0_EESG_
FN:897,_ZN9__gnu_cxxneIPKPKvPS2_St6vectorIS2_SaIS2_EEEEbRKNS_17__normal_iteratorIT_T1_EERKNS9_IT0_SB_EE
FNDA:28,_ZN9__gnu_cxxneIPKPKvPS2_St6vectorIS2_SaIS2_EEEEbRKNS_17__normal_iteratorIT_T1_EERKNS9_IT0_SB_EE
FN:986,_ZN9__gnu_cxxmiIPPKvSt6vectorIS2_SaIS2_EEEENS_17__normal_iteratorIT_T0_E15difference_typeERKSA_SD_
FNDA:9,_ZN9__gnu_cxxmiIPPKvSt6vectorIS2_SaIS2_EEEENS_17__normal_iteratorIT_T0_E15difference_typeERKSA_SD_
FN:986,_ZN9__gnu_cxxmiIPSt10shared_ptrIN7testing8internal15ExpectationBaseEESt6vectorIS5_SaIS5_EEEENS_17__normal_iteratorIT_T0_E15difference_typeERKSD_SG_
FNDA:9,_ZN9__gnu_cxxmiIPSt10shared_ptrIN7testing8internal15ExpectationBaseEESt6vectorIS5_SaIS5_EEEENS_17__normal_iteratorIT_T0_E15difference_typeERKSD_SG_
FN:1054,_ZNSt13move_iteratorIPSt10shared_ptrIN7testing8internal15ExpectationBaseEEEC2ES5_
FNDA:0,_ZNSt13move_iteratorIPSt10shared_ptrIN7testing8internal15ExpectationBaseEEEC2ES5_
FN:1054,_ZNSt13move_iteratorIPPKvEC2ES2_
FNDA:0,_ZNSt13move_iteratorIPPKvEC2ES2_
FN:1063,_ZNKSt13move_iteratorIPSt10shared_ptrIN7testing8internal15ExpectationBaseEEE4baseEv
FNDA:0,_ZNKSt13move_iteratorIPSt10shared_ptrIN7testing8internal15ExpectationBaseEEE4baseEv
FN:1063,_ZNKSt13move_iteratorIPPKvE4baseEv
FNDA:0,_ZNKSt13move_iteratorIPPKvE4baseEv
FN:1067,_ZNKSt13move_iteratorIPSt10shared_ptrIN7testing8internal15ExpectationBaseEEEdeEv
FNDA:0,_ZNKSt13move_iteratorIPSt10shared_ptrIN7testing8internal15ExpectationBaseEEEdeEv
FN:1075,_ZNSt13move_iteratorIPSt10shared_ptrIN7testing8internal15ExpectationBaseEEEppEv
FNDA:0,_ZNSt13move_iteratorIPSt10shared_ptrIN7testing8internal15ExpectationBaseEEEppEv
FN:1142,_ZSteqIPSt10shared_ptrIN7testing8internal15ExpectationBaseEEEbRKSt13move_iteratorIT_ESA_
FNDA:0,_ZSteqIPSt10shared_ptrIN7testing8internal15ExpectationBaseEEEbRKSt13move_iteratorIT_ESA_
FN:1154,_ZStneIPSt10shared_ptrIN7testing8internal15ExpectationBaseEEEbRKSt13move_iteratorIT_ESA_
FNDA:0,_ZStneIPSt10shared_ptrIN7testing8internal15ExpectationBaseEEEbRKSt13move_iteratorIT_ESA_
FN:1239,_ZSt32__make_move_if_noexcept_iteratorISt10shared_ptrIN7testing8internal15ExpectationBaseEESt13move_iteratorIPS4_EET0_PT_
FNDA:0,_ZSt32__make_move_if_noexcept_iteratorISt10shared_ptrIN7testing8internal15ExpectationBaseEESt13move_iteratorIPS4_EET0_PT_
FN:1239,_ZSt32__make_move_if_noexcept_iteratorIPKvSt13move_iteratorIPS1_EET0_PT_
FNDA:0,_ZSt32__make_move_if_noexcept_iteratorIPKvSt13move_iteratorIPS1_EET0_PT_
FN:1259,_ZSt12__miter_baseIPPKvEDTcl12__miter_basecldtfp_4baseEEESt13move_iteratorIT_E
FNDA:0,_ZSt12__miter_baseIPPKvEDTcl12__miter_basecldtfp_4baseEEESt13move_iteratorIT_E
DA:137,18
DA:137,4
DA:163,18
DA:164,18
DA:163,4
DA:164,4
DA:177,0
DA:179,0
DA:180,0
DA:189,9
DA:193,9
DA:194,9
DA:195,9
DA:204,0
DA:206,0
DA:207,0
DA:204,0
DA:206,0
DA:207,0
DA:309,9
DA:310,9
DA:325,9
DA:327,9
DA:325,2
DA:327,2
DA:337,9
DA:339,9
DA:337,2
DA:339,2
DA:803,18
DA:804,18
DA:803,4
DA:804,4
DA:803,47
DA:804,47
DA:803,65
DA:804,65
DA:808,19
DA:812,19
DA:816,9
DA:817,9
DA:820,18
DA:821,18
DA:824,9
DA:826,9
DA:827,9
DA:836,9
DA:838,9
DA:839,9
DA:836,0
DA:838,0
DA:839,0
DA:868,37
DA:869,37
DA:868,65
DA:869,65
DA:868,32
DA:869,32
DA:868,83
DA:869,83
DA:890,9
DA:893,9
DA:890,2
DA:893,2
DA:897,28
DA:900,28
DA:986,9
DA:989,9
DA:986,9
DA:989,9
DA:1054,0
DA:1055,0
DA:1054,0
DA:1055,0
DA:1063,0
DA:1064,0
DA:1063,0
DA:1064,0
DA:1067,0
DA:1068,0
DA:1075,0
DA:1077,0
DA:1078,0
DA:1142,0
DA:1144,0
DA:1154,0
DA:1156,0
DA:1239,0
DA:1240,0
DA:1239,0
DA:1240,0
DA:1259,0
DA:1261,0
end_of_record
TN:
SF:/mnt/c/Users/user/Desktop/TTECH/my_project/math_operations.c
FN:10,multiply
FNDA:9,multiply
DA:10,9
DA:13,9
DA:14,9
DA:15,1
DA:20,9
DA:22,9
end_of_record
